INFO 2025-11-19 13:59:34,201 django.utils.autoreload autoreload Watching for file changes with StatReloader
INFO 2025-11-19 14:00:13,815 project views User Anonymous visited Home page. Sliders: 4, Gents Pants: 5, Borkhas: 5, Baby Fashions: 5
INFO 2025-11-19 14:00:13,988 django.server basehttp "GET / HTTP/1.1" 200 26298
INFO 2025-11-19 14:00:14,311 django.server basehttp "GET /static/assets/css/style.css HTTP/1.1" 200 299
INFO 2025-11-19 14:00:14,363 django.server basehttp "GET /static/assets/css/main.css HTTP/1.1" 200 891
INFO 2025-11-19 14:00:14,396 django.server basehttp "GET /media/products/2025/11/18/art_32.jpg HTTP/1.1" 200 21007
INFO 2025-11-19 14:00:14,402 django.server basehttp "GET /static/assets/css/owl.carousel.min.css HTTP/1.1" 200 3356
INFO 2025-11-19 14:00:14,432 django.server basehttp "GET /media/sliders/2025/11/18/b3.jpg HTTP/1.1" 200 927670
INFO 2025-11-19 14:00:14,501 django.server basehttp "GET /static/assets/js/owl.carousel.min.js HTTP/1.1" 200 44348
INFO 2025-11-19 14:00:14,502 django.server basehttp "GET /static/assets/images/payavail/aq.jpg HTTP/1.1" 200 21391
INFO 2025-11-19 14:00:14,512 django.server basehttp "GET /media/sliders/2025/11/18/b2.jpg HTTP/1.1" 200 1739559
INFO 2025-11-19 14:00:14,561 django.server basehttp "GET /static/assets/js/script.js HTTP/1.1" 200 384
INFO 2025-11-19 14:00:14,578 django.server basehttp "GET /static/assets/images/payavail/cc.jpg HTTP/1.1" 200 74962
INFO 2025-11-19 14:00:14,578 django.server basehttp "GET /media/sliders/2025/11/18/b1.jpg HTTP/1.1" 200 1477283
INFO 2025-11-19 14:00:14,633 django.server basehttp "GET /media/sliders/2025/11/18/b4.jpg HTTP/1.1" 200 1591255
INFO 2025-11-19 14:00:14,676 django.server basehttp "GET /media/products/2025/11/18/art_34.jpg HTTP/1.1" 200 25773
INFO 2025-11-19 14:00:14,686 django.server basehttp "GET /static/assets/js/all.min.js HTTP/1.1" 200 1194964
INFO 2025-11-19 14:00:14,734 django.server basehttp "GET /static/assets/js/main.js HTTP/1.1" 200 1480
INFO 2025-11-19 14:00:14,804 django.server basehttp "GET /media/products/2025/11/18/art_38.jpg HTTP/1.1" 200 25444
INFO 2025-11-19 14:00:14,825 django.server basehttp "GET /media/products/2025/11/18/art_50.jpg HTTP/1.1" 200 25847
INFO 2025-11-19 14:00:14,880 django.server basehttp "GET /media/products/2025/11/18/borkha.jpg HTTP/1.1" 200 92570
INFO 2025-11-19 14:00:14,913 django.server basehttp "GET /media/products/2025/11/18/borkha.jpg_4.jpg HTTP/1.1" 200 96469
INFO 2025-11-19 14:00:14,970 django.server basehttp "GET /media/products/2025/11/18/borkha.jpg_5.jpg HTTP/1.1" 200 30058
INFO 2025-11-19 14:00:14,977 django.server basehttp "GET /media/products/2025/11/18/borkha.jpg_2.jpg HTTP/1.1" 200 42964
INFO 2025-11-19 14:00:15,001 django.server basehttp "GET /media/products/2025/11/18/borkha.jpg_7.jpg HTTP/1.1" 200 46250
INFO 2025-11-19 14:00:15,013 django.server basehttp "GET /media/products/2025/11/18/art_47.jpg HTTP/1.1" 200 12814
INFO 2025-11-19 14:00:15,016 django.server basehttp "GET /media/products/2025/11/18/baby_1.jpg HTTP/1.1" 200 6662
INFO 2025-11-19 14:00:15,034 django.server basehttp "GET /media/products/2025/11/18/baby_5.jpg HTTP/1.1" 200 4097
INFO 2025-11-19 14:00:15,063 django.server basehttp "GET /media/products/2025/11/18/baby_4.jpg HTTP/1.1" 200 12120
INFO 2025-11-19 14:00:15,063 django.server basehttp "GET /media/products/2025/11/18/baby_2.jpg HTTP/1.1" 200 12252
INFO 2025-11-19 14:00:15,096 django.server basehttp "GET /media/products/2025/11/18/baby5.jpg HTTP/1.1" 200 30064
INFO 2025-11-19 14:00:15,106 django.server basehttp "GET /static/assets/images/paymentlogo.png HTTP/1.1" 200 7075
INFO 2025-11-19 14:00:38,797 project views User Anonymous viewed Product 9 - New Styler Export Quality Denim Jeans Pants For Men
INFO 2025-11-19 14:00:38,893 django.server basehttp "GET /single-product/new-styler-export-quality-denim-jeans-pants-for-men/9/ HTTP/1.1" 200 11628
INFO 2025-11-19 14:00:50,035 django.server basehttp "POST /cart/add-to-cart/ HTTP/1.1" 302 0
INFO 2025-11-19 14:00:50,191 django.server basehttp "GET /accounts/sign-in/?next=/cart/add-to-cart/ HTTP/1.1" 200 8972
INFO 2025-11-19 14:01:16,182 django.server basehttp "GET /accounts/sign-in/ HTTP/1.1" 200 8972
INFO 2025-11-19 14:01:19,533 django.server basehttp "POST /accounts/sign-in/ HTTP/1.1" 302 0
INFO 2025-11-19 14:01:19,585 django.server basehttp "GET /accounts/profile/ HTTP/1.1" 200 11459
INFO 2025-11-19 14:01:25,317 project views User admin visited Home page. Sliders: 4, Gents Pants: 5, Borkhas: 5, Baby Fashions: 5
INFO 2025-11-19 14:01:25,358 django.server basehttp "GET / HTTP/1.1" 200 27222
INFO 2025-11-19 14:01:29,361 project views User admin viewed Product 9 - New Styler Export Quality Denim Jeans Pants For Men
INFO 2025-11-19 14:01:29,369 django.server basehttp "GET /single-product/new-styler-export-quality-denim-jeans-pants-for-men/9/ HTTP/1.1" 200 12552
INFO 2025-11-19 14:01:35,497 django.server basehttp "GET /admin/ HTTP/1.1" 200 16413
INFO 2025-11-19 14:01:35,897 django.server basehttp "GET /static/admin/css/dark_mode.css HTTP/1.1" 200 2808
INFO 2025-11-19 14:01:35,897 django.server basehttp "GET /static/admin/css/base.css HTTP/1.1" 200 22120
INFO 2025-11-19 14:01:35,900 django.server basehttp "GET /static/admin/js/theme.js HTTP/1.1" 200 1653
INFO 2025-11-19 14:01:35,906 django.server basehttp "GET /static/admin/css/nav_sidebar.css HTTP/1.1" 200 2810
INFO 2025-11-19 14:01:35,907 django.server basehttp "GET /static/admin/css/dashboard.css HTTP/1.1" 200 441
INFO 2025-11-19 14:01:35,907 django.server basehttp "GET /static/admin/css/responsive.css HTTP/1.1" 200 16565
INFO 2025-11-19 14:01:35,930 django.server basehttp "GET /static/admin/js/nav_sidebar.js HTTP/1.1" 200 3063
INFO 2025-11-19 14:01:35,945 django.server basehttp "GET /static/admin/img/icon-addlink.svg HTTP/1.1" 200 331
INFO 2025-11-19 14:01:35,946 django.server basehttp "GET /static/admin/img/icon-changelink.svg HTTP/1.1" 200 380
INFO 2025-11-19 14:01:40,959 django.server basehttp "GET /admin/checkout/checkout/ HTTP/1.1" 200 14931
INFO 2025-11-19 14:01:40,995 django.server basehttp "GET /static/admin/css/changelists.css HTTP/1.1" 200 6878
INFO 2025-11-19 14:01:41,005 django.server basehttp "GET /static/admin/js/admin/RelatedObjectLookups.js HTTP/1.1" 200 9777
INFO 2025-11-19 14:01:41,006 django.server basehttp "GET /static/admin/js/jquery.init.js HTTP/1.1" 200 347
INFO 2025-11-19 14:01:41,008 django.server basehttp "GET /admin/jsi18n/ HTTP/1.1" 200 3342
INFO 2025-11-19 14:01:41,008 django.server basehttp "GET /static/admin/js/core.js HTTP/1.1" 200 6208
INFO 2025-11-19 14:01:41,010 django.server basehttp "GET /static/admin/js/vendor/jquery/jquery.js HTTP/1.1" 200 285314
INFO 2025-11-19 14:01:41,012 django.server basehttp "GET /static/admin/js/actions.js HTTP/1.1" 200 8076
INFO 2025-11-19 14:01:41,023 django.server basehttp "GET /static/admin/js/urlify.js HTTP/1.1" 200 7887
INFO 2025-11-19 14:01:41,023 django.server basehttp "GET /static/admin/js/prepopulate.js HTTP/1.1" 200 1531
INFO 2025-11-19 14:01:41,025 django.server basehttp "GET /static/admin/js/vendor/xregexp/xregexp.js HTTP/1.1" 200 325171
INFO 2025-11-19 14:01:41,038 django.server basehttp "GET /static/admin/img/icon-yes.svg HTTP/1.1" 200 436
INFO 2025-11-19 14:01:41,060 django.server basehttp "GET /static/admin/js/filters.js HTTP/1.1" 200 978
INFO 2025-11-19 14:01:41,082 django.server basehttp "GET /static/admin/img/tooltag-add.svg HTTP/1.1" 200 331
INFO 2025-11-19 14:02:18,002 project views User admin searched for 'NEW STYLISH EXPORT OUALITY TRANDING JEANS PANT FOR MEN _MEN"S JEANS'. Found products count: 1
INFO 2025-11-19 14:02:18,417 django.server basehttp "POST /search-product/ HTTP/1.1" 200 9554
INFO 2025-11-19 14:02:22,908 project views User admin viewed Product 7 - NEW STYLISH EXPORT OUALITY TRANDING JEANS PANT FOR MEN _MEN"S JEANS
INFO 2025-11-19 14:02:22,916 django.server basehttp "GET /single-product/new-stylish-export-ouality-tranding-jeans-pant-for-men-_mens-jeans/7/ HTTP/1.1" 200 12607
INFO 2025-11-19 14:04:38,931 project views User admin added Product 7 - NEW STYLISH EXPORT OUALITY TRANDING JEANS PANT FOR MEN _MEN"S JEANS to cart, quantity: 1.
INFO 2025-11-19 14:04:39,089 django.server basehttp "POST /cart/add-to-cart/ HTTP/1.1" 200 310
INFO 2025-11-19 14:04:46,468 project views User admin viewed cart with 1 items, total: 300000.0
INFO 2025-11-19 14:04:46,577 django.server basehttp "GET /cart/cart-detail/ HTTP/1.1" 200 13117
INFO 2025-11-19 14:04:48,147 project views User admin visited checkout page. Items count: 1, Grand total: 300120
INFO 2025-11-19 14:04:48,181 django.server basehttp "GET /checkout/checkout/ HTTP/1.1" 200 11019
INFO 2025-11-19 14:05:12,796 django.server basehttp "GET /admin/checkout/checkout/ HTTP/1.1" 200 14931
INFO 2025-11-19 14:05:12,852 django.server basehttp "GET /admin/jsi18n/ HTTP/1.1" 200 3342
INFO 2025-11-19 14:05:24,294 project views User admin ordered Product 7 - NEW STYLISH EXPORT OUALITY TRANDING JEANS PANT FOR MEN _MEN"S JEANS, quantity: 1
INFO 2025-11-19 14:05:24,468 project views User admin completed checkout successfully. Total items: 0
INFO 2025-11-19 14:05:24,469 django.server basehttp "POST /checkout/checkout-success/ HTTP/1.1" 302 0
INFO 2025-11-19 14:05:24,479 project views User admin visited checkout list page. Orders count: 2
INFO 2025-11-19 14:05:24,487 django.server basehttp "GET /checkout/checkout-list/ HTTP/1.1" 200 8566
INFO 2025-11-19 14:05:28,429 django.server basehttp "GET /admin/checkout/checkout/ HTTP/1.1" 200 15637
INFO 2025-11-19 14:05:28,477 django.server basehttp "GET /admin/jsi18n/ HTTP/1.1" 200 3342
INFO 2025-11-19 14:05:54,861 project views User admin visited checkout list page. Orders count: 2
INFO 2025-11-19 14:05:54,868 django.server basehttp "GET /checkout/checkout-list/ HTTP/1.1" 200 8566
INFO 2025-11-19 14:05:58,555 project views User admin visited Home page. Sliders: 4, Gents Pants: 5, Borkhas: 5, Baby Fashions: 5
INFO 2025-11-19 14:05:58,592 django.server basehttp "GET / HTTP/1.1" 200 27222
INFO 2025-11-19 14:07:05,430 django.utils.autoreload autoreload Watching for file changes with StatReloader
INFO 2025-11-19 14:07:25,864 project views User admin viewed Category 1 - LEHENGA. Products count: 5
INFO 2025-11-19 14:07:26,073 django.server basehttp "GET /category-product/lehenga/1/ HTTP/1.1" 200 16248
INFO 2025-11-19 14:07:26,409 django.server basehttp "GET /media/products/2025/11/18/lehenga_4.jpg HTTP/1.1" 200 343410
INFO 2025-11-19 14:07:26,425 django.server basehttp "GET /media/products/2025/11/18/lehenga_3.jpg HTTP/1.1" 200 12865
INFO 2025-11-19 14:07:26,445 django.server basehttp "GET /media/products/2025/11/18/lehenga_5.jpg HTTP/1.1" 200 93922
INFO 2025-11-19 14:07:26,697 django.server basehttp "GET /media/products/2025/11/18/lehenga_1.jpg HTTP/1.1" 200 1037580
INFO 2025-11-19 14:07:26,699 django.server basehttp "GET /media/products/2025/11/18/lehenga_2.jpg HTTP/1.1" 200 2690322
INFO 2025-11-19 14:07:31,070 project views User admin filtered Category 1 - LEHENGA. Filtered products count: 3
INFO 2025-11-19 14:07:31,075 django.server basehttp "POST /get-filter-products/ HTTP/1.1" 200 2598
INFO 2025-11-19 14:07:32,588 project views User admin filtered Category 1 - LEHENGA. Filtered products count: 3
INFO 2025-11-19 14:07:32,592 django.server basehttp "POST /get-filter-products/ HTTP/1.1" 200 2598
INFO 2025-11-19 14:07:35,900 project views User admin filtered Category 1 - LEHENGA. Filtered products count: 3
INFO 2025-11-19 14:07:35,905 django.server basehttp "POST /get-filter-products/ HTTP/1.1" 200 2598
INFO 2025-11-19 14:07:37,235 project views User admin filtered Category 1 - LEHENGA. Filtered products count: 2
INFO 2025-11-19 14:07:37,240 django.server basehttp "POST /get-filter-products/ HTTP/1.1" 200 1778
INFO 2025-11-19 14:07:39,459 project views User admin filtered Category 1 - LEHENGA. Filtered products count: 3
INFO 2025-11-19 14:07:39,463 django.server basehttp "POST /get-filter-products/ HTTP/1.1" 200 2598
INFO 2025-11-19 14:07:40,779 project views User admin filtered Category 1 - LEHENGA. Filtered products count: 3
INFO 2025-11-19 14:07:40,783 django.server basehttp "POST /get-filter-products/ HTTP/1.1" 200 2598
INFO 2025-11-19 14:07:42,163 project views User admin filtered Category 1 - LEHENGA. Filtered products count: 3
INFO 2025-11-19 14:07:42,167 django.server basehttp "POST /get-filter-products/ HTTP/1.1" 200 2598
INFO 2025-11-19 14:07:43,243 project views User admin filtered Category 1 - LEHENGA. Filtered products count: 3
INFO 2025-11-19 14:07:43,247 django.server basehttp "POST /get-filter-products/ HTTP/1.1" 200 2598
INFO 2025-11-19 14:07:44,174 project views User admin filtered Category 1 - LEHENGA. Filtered products count: 5
INFO 2025-11-19 14:07:44,181 django.server basehttp "POST /get-filter-products/ HTTP/1.1" 200 4290
INFO 2025-11-19 14:07:48,209 project views User admin filtered Category 1 - LEHENGA. Filtered products count: 3
INFO 2025-11-19 14:07:48,213 django.server basehttp "POST /get-filter-products/ HTTP/1.1" 200 2598
INFO 2025-11-19 14:08:09,306 project views User admin viewed Category 1 - LEHENGA. Products count: 5
INFO 2025-11-19 14:08:09,322 django.server basehttp "GET /category-product/lehenga/1/ HTTP/1.1" 200 16248
INFO 2025-11-19 14:08:11,851 project views User admin filtered Category 1 - LEHENGA. Filtered products count: 5
INFO 2025-11-19 14:08:11,852 project views User admin filtered Category 1 - LEHENGA. Filtered products count: 5
INFO 2025-11-19 14:08:11,861 django.server basehttp "POST /get-filter-products/ HTTP/1.1" 200 4290
INFO 2025-11-19 14:08:11,864 django.server basehttp "POST /get-filter-products/ HTTP/1.1" 200 4290
INFO 2025-11-19 14:08:12,584 project views User admin filtered Category 1 - LEHENGA. Filtered products count: 5
INFO 2025-11-19 14:08:12,584 project views User admin filtered Category 1 - LEHENGA. Filtered products count: 5
INFO 2025-11-19 14:08:12,596 django.server basehttp "POST /get-filter-products/ HTTP/1.1" 200 4290
INFO 2025-11-19 14:08:12,598 django.server basehttp "POST /get-filter-products/ HTTP/1.1" 200 4290
INFO 2025-11-19 14:08:14,172 project views User admin filtered Category 1 - LEHENGA. Filtered products count: 2
INFO 2025-11-19 14:08:14,175 django.server basehttp "POST /get-filter-products/ HTTP/1.1" 200 1743
INFO 2025-11-19 14:08:17,123 project views User admin filtered Category 1 - LEHENGA. Filtered products count: 4
INFO 2025-11-19 14:08:17,128 django.server basehttp "POST /get-filter-products/ HTTP/1.1" 200 3391
INFO 2025-11-19 14:08:20,340 project views User admin filtered Category 1 - LEHENGA. Filtered products count: 5
INFO 2025-11-19 14:08:20,347 django.server basehttp "POST /get-filter-products/ HTTP/1.1" 200 4290
INFO 2025-11-19 14:08:22,763 project views User admin filtered Category 1 - LEHENGA. Filtered products count: 3
INFO 2025-11-19 14:08:22,768 django.server basehttp "POST /get-filter-products/ HTTP/1.1" 200 2598
INFO 2025-11-19 14:08:24,067 project views User admin filtered Category 1 - LEHENGA. Filtered products count: 1
INFO 2025-11-19 14:08:24,071 django.server basehttp "POST /get-filter-products/ HTTP/1.1" 200 950
INFO 2025-11-19 14:08:27,661 project views User admin filtered Category 1 - LEHENGA. Filtered products count: 5
INFO 2025-11-19 14:08:27,666 django.server basehttp "POST /get-filter-products/ HTTP/1.1" 200 4290
INFO 2025-11-19 14:08:29,271 project views User admin filtered Category 1 - LEHENGA. Filtered products count: 5
INFO 2025-11-19 14:08:29,272 project views User admin filtered Category 1 - LEHENGA. Filtered products count: 5
INFO 2025-11-19 14:08:29,282 django.server basehttp "POST /get-filter-products/ HTTP/1.1" 200 4290
INFO 2025-11-19 14:08:29,282 django.server basehttp "POST /get-filter-products/ HTTP/1.1" 200 4290
INFO 2025-11-19 14:08:31,107 project views User admin filtered Category 1 - LEHENGA. Filtered products count: 3
INFO 2025-11-19 14:08:31,111 django.server basehttp "POST /get-filter-products/ HTTP/1.1" 200 2598
INFO 2025-11-19 14:08:33,308 project views User admin filtered Category 1 - LEHENGA. Filtered products count: 1
INFO 2025-11-19 14:08:33,311 django.server basehttp "POST /get-filter-products/ HTTP/1.1" 200 950
INFO 2025-11-19 14:08:40,724 project views User admin filtered Category 1 - LEHENGA. Filtered products count: 3
INFO 2025-11-19 14:08:40,728 django.server basehttp "POST /get-filter-products/ HTTP/1.1" 200 2642
INFO 2025-11-19 14:09:14,415 project views User admin viewed Category 2 - SHAREE. Products count: 5
INFO 2025-11-19 14:09:14,431 django.server basehttp "GET /category-product/sharee/2/ HTTP/1.1" 200 16320
INFO 2025-11-19 14:09:14,860 django.server basehttp "GET /media/products/2025/11/18/sharee_1.jpg HTTP/1.1" 200 79441
INFO 2025-11-19 14:09:14,929 django.server basehttp "GET /media/products/2025/11/18/sharee_4.jpg HTTP/1.1" 200 37059
INFO 2025-11-19 14:09:14,929 django.server basehttp "GET /media/products/2025/11/18/sharee_3.jpg HTTP/1.1" 200 63636
INFO 2025-11-19 14:09:14,933 django.server basehttp "GET /media/products/2025/11/18/sharee_2.jpg HTTP/1.1" 200 95165
INFO 2025-11-19 14:09:14,936 django.server basehttp "GET /media/products/2025/11/18/sharee_6.jpg HTTP/1.1" 200 80913
INFO 2025-11-19 15:29:08,777 django.utils.autoreload autoreload Watching for file changes with StatReloader
INFO 2025-11-19 15:30:49,514 project views User admin visited Home page. Sliders: 4, Gents Pants: 5, Borkhas: 5, Baby Fashions: 5
INFO 2025-11-19 15:30:49,735 django.server basehttp "GET / HTTP/1.1" 200 27222
INFO 2025-11-19 15:30:50,329 django.server basehttp "GET /static/assets/css/owl.carousel.min.css HTTP/1.1" 200 3356
INFO 2025-11-19 15:30:50,395 django.server basehttp "GET /media/sliders/2025/11/18/b3.jpg HTTP/1.1" 200 927670
INFO 2025-11-19 15:30:50,408 django.server basehttp "GET /static/assets/css/style.css HTTP/1.1" 200 299
INFO 2025-11-19 15:30:50,439 django.server basehttp "GET /media/products/2025/11/18/art_32.jpg HTTP/1.1" 200 21007
INFO 2025-11-19 15:30:50,442 django.server basehttp "GET /static/assets/css/main.css HTTP/1.1" 200 891
INFO 2025-11-19 15:30:50,522 django.server basehttp "GET /static/assets/js/script.js HTTP/1.1" 200 384
INFO 2025-11-19 15:30:50,656 django.server basehttp "GET /static/assets/images/payavail/aq.jpg HTTP/1.1" 200 21391
INFO 2025-11-19 15:30:50,671 django.server basehttp "GET /static/assets/js/owl.carousel.min.js HTTP/1.1" 200 44348
INFO 2025-11-19 15:30:50,696 django.server basehttp "GET /media/sliders/2025/11/18/b1.jpg HTTP/1.1" 200 1477283
INFO 2025-11-19 15:30:50,698 django.server basehttp "GET /media/sliders/2025/11/18/b4.jpg HTTP/1.1" 200 1591255
INFO 2025-11-19 15:30:50,713 django.server basehttp "GET /media/sliders/2025/11/18/b2.jpg HTTP/1.1" 200 1739559
INFO 2025-11-19 15:30:50,779 django.server basehttp "GET /static/assets/js/all.min.js HTTP/1.1" 200 1194964
INFO 2025-11-19 15:30:50,795 django.server basehttp "GET /static/assets/images/payavail/cc.jpg HTTP/1.1" 200 74962
INFO 2025-11-19 15:30:50,849 django.server basehttp "GET /media/products/2025/11/18/art_34.jpg HTTP/1.1" 200 25773
INFO 2025-11-19 15:30:50,855 django.server basehttp "GET /static/assets/js/main.js HTTP/1.1" 200 1480
INFO 2025-11-19 15:30:50,862 django.server basehttp "GET /media/products/2025/11/18/art_38.jpg HTTP/1.1" 200 25444
INFO 2025-11-19 15:30:50,966 django.server basehttp "GET /media/products/2025/11/18/borkha.jpg_2.jpg HTTP/1.1" 200 42964
INFO 2025-11-19 15:30:50,982 django.server basehttp "GET /media/products/2025/11/18/art_47.jpg HTTP/1.1" 200 12814
INFO 2025-11-19 15:30:51,004 django.server basehttp "GET /media/products/2025/11/18/art_50.jpg HTTP/1.1" 200 25847
INFO 2025-11-19 15:30:51,066 django.server basehttp "GET /media/products/2025/11/18/borkha.jpg_4.jpg HTTP/1.1" 200 96469
INFO 2025-11-19 15:30:51,124 django.server basehttp "GET /media/products/2025/11/18/borkha.jpg_7.jpg HTTP/1.1" 200 46250
INFO 2025-11-19 15:30:51,159 django.server basehttp "GET /media/products/2025/11/18/borkha.jpg HTTP/1.1" 200 92570
INFO 2025-11-19 15:30:51,195 django.server basehttp "GET /media/products/2025/11/18/baby_1.jpg HTTP/1.1" 200 6662
INFO 2025-11-19 15:30:51,201 django.server basehttp "GET /media/products/2025/11/18/borkha.jpg_5.jpg HTTP/1.1" 200 30058
INFO 2025-11-19 15:30:51,207 django.server basehttp "GET /media/products/2025/11/18/baby_5.jpg HTTP/1.1" 200 4097
INFO 2025-11-19 15:30:51,237 django.server basehttp "GET /static/assets/images/paymentlogo.png HTTP/1.1" 200 7075
INFO 2025-11-19 15:30:51,243 django.server basehttp "GET /media/products/2025/11/18/baby_2.jpg HTTP/1.1" 200 12252
INFO 2025-11-19 15:30:51,243 django.server basehttp "GET /media/products/2025/11/18/baby_4.jpg HTTP/1.1" 200 12120
INFO 2025-11-19 15:30:51,248 django.server basehttp "GET /media/products/2025/11/18/baby5.jpg HTTP/1.1" 200 30064
INFO 2025-11-19 15:30:57,340 project views User admin visited checkout list page. Orders count: 2
INFO 2025-11-19 15:30:57,345 django.server basehttp "GET /checkout/checkout-list/ HTTP/1.1" 200 8566
INFO 2025-11-19 15:36:52,910 project views User admin visited checkout list page. Orders count: 2
INFO 2025-11-19 15:36:52,958 django.server basehttp "GET /checkout/checkout-list/ HTTP/1.1" 200 8564
INFO 2025-11-19 15:37:21,464 project views User admin visited checkout list page. Orders count: 2
INFO 2025-11-19 15:37:21,486 django.server basehttp "GET /checkout/checkout-list/ HTTP/1.1" 200 8564
INFO 2025-11-19 15:38:07,098 project views User admin visited checkout list page. Orders count: 2
INFO 2025-11-19 15:38:07,106 django.server basehttp "GET /checkout/checkout-list/ HTTP/1.1" 200 8564
INFO 2025-11-19 15:38:07,970 project views User admin visited checkout list page. Orders count: 2
INFO 2025-11-19 15:38:07,977 django.server basehttp "GET /checkout/checkout-list/ HTTP/1.1" 200 8564
INFO 2025-11-19 15:38:08,778 project views User admin visited checkout list page. Orders count: 2
INFO 2025-11-19 15:38:08,786 django.server basehttp "GET /checkout/checkout-list/ HTTP/1.1" 200 8564
INFO 2025-11-19 15:38:09,338 project views User admin visited checkout list page. Orders count: 2
INFO 2025-11-19 15:38:09,346 django.server basehttp "GET /checkout/checkout-list/ HTTP/1.1" 200 8564
INFO 2025-11-19 15:38:10,692 project views User admin visited checkout list page. Orders count: 2
INFO 2025-11-19 15:38:10,703 django.server basehttp "GET /checkout/checkout-list/ HTTP/1.1" 200 8564
INFO 2025-11-19 15:38:11,975 project views User admin visited checkout list page. Orders count: 2
INFO 2025-11-19 15:38:11,982 django.server basehttp "GET /checkout/checkout-list/ HTTP/1.1" 200 8564
INFO 2025-11-19 15:38:12,993 project views User admin visited checkout list page. Orders count: 2
INFO 2025-11-19 15:38:13,003 django.server basehttp "GET /checkout/checkout-list/ HTTP/1.1" 200 8564
INFO 2025-11-19 15:38:14,481 project views User admin visited checkout list page. Orders count: 2
INFO 2025-11-19 15:38:14,486 django.server basehttp "GET /checkout/checkout-list/ HTTP/1.1" 200 8564
INFO 2025-11-19 15:38:15,050 project views User admin visited checkout list page. Orders count: 2
INFO 2025-11-19 15:38:15,057 django.server basehttp "GET /checkout/checkout-list/ HTTP/1.1" 200 8564
INFO 2025-11-19 15:38:15,916 project views User admin visited checkout list page. Orders count: 2
INFO 2025-11-19 15:38:15,931 django.server basehttp "GET /checkout/checkout-list/ HTTP/1.1" 200 8564
INFO 2025-11-19 15:38:16,588 project views User admin visited checkout list page. Orders count: 2
INFO 2025-11-19 15:38:16,594 django.server basehttp "GET /checkout/checkout-list/ HTTP/1.1" 200 8564
INFO 2025-11-19 15:38:17,162 project views User admin visited checkout list page. Orders count: 2
INFO 2025-11-19 15:38:17,170 django.server basehttp "GET /checkout/checkout-list/ HTTP/1.1" 200 8564
INFO 2025-11-19 17:11:28,266 django.utils.autoreload autoreload Watching for file changes with StatReloader
INFO 2025-11-19 17:11:45,788 project views User admin visited checkout list page. Orders count: 2
INFO 2025-11-19 17:11:45,971 django.server basehttp "GET /checkout/checkout-list/ HTTP/1.1" 200 8649
INFO 2025-11-19 17:11:46,372 django.server basehttp "GET /static/assets/css/style.css HTTP/1.1" 200 299
INFO 2025-11-19 17:11:46,425 django.server basehttp "GET /static/assets/css/main.css HTTP/1.1" 200 891
INFO 2025-11-19 17:11:46,457 django.server basehttp "GET /static/assets/css/owl.carousel.min.css HTTP/1.1" 200 3356
INFO 2025-11-19 17:11:46,504 django.server basehttp "GET /static/assets/images/paymentlogo.png HTTP/1.1" 200 7075
INFO 2025-11-19 17:11:46,510 django.server basehttp "GET /static/assets/js/owl.carousel.min.js HTTP/1.1" 200 44348
INFO 2025-11-19 17:11:46,606 django.server basehttp "GET /static/assets/js/main.js HTTP/1.1" 200 1480
INFO 2025-11-19 17:11:46,677 django.server basehttp "GET /static/assets/js/script.js HTTP/1.1" 200 384
INFO 2025-11-19 17:11:46,713 django.server basehttp "GET /static/assets/js/all.min.js HTTP/1.1" 200 1194964
WARNING 2025-11-19 17:11:46,993 django.request log Not Found: /favicon.ico
WARNING 2025-11-19 17:11:46,994 django.server basehttp "GET /favicon.ico HTTP/1.1" 404 4407
INFO 2025-11-19 17:15:04,993 django.utils.autoreload autoreload L:\Programming\Programming\All-Main-Problem-Solving\AI-Quest-Python\assignment 30\checkout\views.py changed, reloading.
INFO 2025-11-19 17:15:08,732 django.utils.autoreload autoreload Watching for file changes with StatReloader
INFO 2025-11-19 17:15:16,760 django.utils.autoreload autoreload L:\Programming\Programming\All-Main-Problem-Solving\AI-Quest-Python\assignment 30\checkout\views.py changed, reloading.
INFO 2025-11-19 17:15:18,870 django.utils.autoreload autoreload Watching for file changes with StatReloader
INFO 2025-11-19 17:15:29,612 django.utils.autoreload autoreload L:\Programming\Programming\All-Main-Problem-Solving\AI-Quest-Python\assignment 30\checkout\views.py changed, reloading.
INFO 2025-11-19 17:15:30,678 django.utils.autoreload autoreload Watching for file changes with StatReloader
ERROR 2025-11-19 17:16:20,275 django.request log Internal Server Error: /checkout/checkout-list/
Traceback (most recent call last):
  File "L:\Programming\Programming\All-Main-Problem-Solving\AI-Quest-Python\assignment 30\env\Lib\site-packages\django\core\handlers\exception.py", line 55, in inner
    response = get_response(request)
  File "L:\Programming\Programming\All-Main-Problem-Solving\AI-Quest-Python\assignment 30\env\Lib\site-packages\django\core\handlers\base.py", line 197, in _get_response
    response = wrapped_callback(request, *callback_args, **callback_kwargs)
  File "L:\Programming\Programming\All-Main-Problem-Solving\AI-Quest-Python\assignment 30\env\Lib\site-packages\django\views\generic\base.py", line 105, in view
    return self.dispatch(request, *args, **kwargs)
           ~~~~~~~~~~~~~^^^^^^^^^^^^^^^^^^^^^^^^^^
  File "L:\Programming\Programming\All-Main-Problem-Solving\AI-Quest-Python\assignment 30\env\Lib\site-packages\django\utils\decorators.py", line 48, in _wrapper
    return bound_method(*args, **kwargs)
  File "L:\Programming\Programming\All-Main-Problem-Solving\AI-Quest-Python\assignment 30\env\Lib\site-packages\django\views\decorators\cache.py", line 80, in _view_wrapper
    response = view_func(request, *args, **kwargs)
  File "L:\Programming\Programming\All-Main-Problem-Solving\AI-Quest-Python\assignment 30\env\Lib\site-packages\django\contrib\auth\mixins.py", line 73, in dispatch
    return super().dispatch(request, *args, **kwargs)
           ~~~~~~~~~~~~~~~~^^^^^^^^^^^^^^^^^^^^^^^^^^
  File "L:\Programming\Programming\All-Main-Problem-Solving\AI-Quest-Python\assignment 30\env\Lib\site-packages\django\views\generic\base.py", line 144, in dispatch
    return handler(request, *args, **kwargs)
  File "L:\Programming\Programming\All-Main-Problem-Solving\AI-Quest-Python\assignment 30\checkout\views.py", line 84, in get
    logger.info(f"User {request.user.username} visited checkout list page. Orders count: {checkout_confirm_items.count()}")
                                                                                          ^^^^^^^^^^^^^^^^^^^^^^
NameError: name 'checkout_confirm_items' is not defined
ERROR 2025-11-19 17:16:20,282 django.server basehttp "GET /checkout/checkout-list/ HTTP/1.1" 500 110692
ERROR 2025-11-19 17:16:40,063 django.request log Internal Server Error: /checkout/checkout-list/
Traceback (most recent call last):
  File "L:\Programming\Programming\All-Main-Problem-Solving\AI-Quest-Python\assignment 30\env\Lib\site-packages\django\core\handlers\exception.py", line 55, in inner
    response = get_response(request)
  File "L:\Programming\Programming\All-Main-Problem-Solving\AI-Quest-Python\assignment 30\env\Lib\site-packages\django\core\handlers\base.py", line 197, in _get_response
    response = wrapped_callback(request, *callback_args, **callback_kwargs)
  File "L:\Programming\Programming\All-Main-Problem-Solving\AI-Quest-Python\assignment 30\env\Lib\site-packages\django\views\generic\base.py", line 105, in view
    return self.dispatch(request, *args, **kwargs)
           ~~~~~~~~~~~~~^^^^^^^^^^^^^^^^^^^^^^^^^^
  File "L:\Programming\Programming\All-Main-Problem-Solving\AI-Quest-Python\assignment 30\env\Lib\site-packages\django\utils\decorators.py", line 48, in _wrapper
    return bound_method(*args, **kwargs)
  File "L:\Programming\Programming\All-Main-Problem-Solving\AI-Quest-Python\assignment 30\env\Lib\site-packages\django\views\decorators\cache.py", line 80, in _view_wrapper
    response = view_func(request, *args, **kwargs)
  File "L:\Programming\Programming\All-Main-Problem-Solving\AI-Quest-Python\assignment 30\env\Lib\site-packages\django\contrib\auth\mixins.py", line 73, in dispatch
    return super().dispatch(request, *args, **kwargs)
           ~~~~~~~~~~~~~~~~^^^^^^^^^^^^^^^^^^^^^^^^^^
  File "L:\Programming\Programming\All-Main-Problem-Solving\AI-Quest-Python\assignment 30\env\Lib\site-packages\django\views\generic\base.py", line 144, in dispatch
    return handler(request, *args, **kwargs)
  File "L:\Programming\Programming\All-Main-Problem-Solving\AI-Quest-Python\assignment 30\checkout\views.py", line 84, in get
    logger.info(f"User {request.user.username} visited checkout list page. Orders count: {checkout_confirm_items.count()}")
                                                                                          ^^^^^^^^^^^^^^^^^^^^^^
NameError: name 'checkout_confirm_items' is not defined
ERROR 2025-11-19 17:16:40,160 django.server basehttp "GET /checkout/checkout-list/ HTTP/1.1" 500 110692
ERROR 2025-11-19 17:16:43,679 django.request log Internal Server Error: /checkout/checkout-list/
Traceback (most recent call last):
  File "L:\Programming\Programming\All-Main-Problem-Solving\AI-Quest-Python\assignment 30\env\Lib\site-packages\django\core\handlers\exception.py", line 55, in inner
    response = get_response(request)
  File "L:\Programming\Programming\All-Main-Problem-Solving\AI-Quest-Python\assignment 30\env\Lib\site-packages\django\core\handlers\base.py", line 197, in _get_response
    response = wrapped_callback(request, *callback_args, **callback_kwargs)
  File "L:\Programming\Programming\All-Main-Problem-Solving\AI-Quest-Python\assignment 30\env\Lib\site-packages\django\views\generic\base.py", line 105, in view
    return self.dispatch(request, *args, **kwargs)
           ~~~~~~~~~~~~~^^^^^^^^^^^^^^^^^^^^^^^^^^
  File "L:\Programming\Programming\All-Main-Problem-Solving\AI-Quest-Python\assignment 30\env\Lib\site-packages\django\utils\decorators.py", line 48, in _wrapper
    return bound_method(*args, **kwargs)
  File "L:\Programming\Programming\All-Main-Problem-Solving\AI-Quest-Python\assignment 30\env\Lib\site-packages\django\views\decorators\cache.py", line 80, in _view_wrapper
    response = view_func(request, *args, **kwargs)
  File "L:\Programming\Programming\All-Main-Problem-Solving\AI-Quest-Python\assignment 30\env\Lib\site-packages\django\contrib\auth\mixins.py", line 73, in dispatch
    return super().dispatch(request, *args, **kwargs)
           ~~~~~~~~~~~~~~~~^^^^^^^^^^^^^^^^^^^^^^^^^^
  File "L:\Programming\Programming\All-Main-Problem-Solving\AI-Quest-Python\assignment 30\env\Lib\site-packages\django\views\generic\base.py", line 144, in dispatch
    return handler(request, *args, **kwargs)
  File "L:\Programming\Programming\All-Main-Problem-Solving\AI-Quest-Python\assignment 30\checkout\views.py", line 84, in get
    logger.info(f"User {request.user.username} visited checkout list page. Orders count: {checkout_confirm_items.count()}")
                                                                                          ^^^^^^^^^^^^^^^^^^^^^^
NameError: name 'checkout_confirm_items' is not defined
ERROR 2025-11-19 17:16:43,684 django.server basehttp "GET /checkout/checkout-list/ HTTP/1.1" 500 110692
ERROR 2025-11-19 17:17:41,526 django.request log Internal Server Error: /checkout/checkout-list/
Traceback (most recent call last):
  File "L:\Programming\Programming\All-Main-Problem-Solving\AI-Quest-Python\assignment 30\env\Lib\site-packages\django\core\handlers\exception.py", line 55, in inner
    response = get_response(request)
  File "L:\Programming\Programming\All-Main-Problem-Solving\AI-Quest-Python\assignment 30\env\Lib\site-packages\django\core\handlers\base.py", line 197, in _get_response
    response = wrapped_callback(request, *callback_args, **callback_kwargs)
  File "L:\Programming\Programming\All-Main-Problem-Solving\AI-Quest-Python\assignment 30\env\Lib\site-packages\django\views\generic\base.py", line 105, in view
    return self.dispatch(request, *args, **kwargs)
           ~~~~~~~~~~~~~^^^^^^^^^^^^^^^^^^^^^^^^^^
  File "L:\Programming\Programming\All-Main-Problem-Solving\AI-Quest-Python\assignment 30\env\Lib\site-packages\django\utils\decorators.py", line 48, in _wrapper
    return bound_method(*args, **kwargs)
  File "L:\Programming\Programming\All-Main-Problem-Solving\AI-Quest-Python\assignment 30\env\Lib\site-packages\django\views\decorators\cache.py", line 80, in _view_wrapper
    response = view_func(request, *args, **kwargs)
  File "L:\Programming\Programming\All-Main-Problem-Solving\AI-Quest-Python\assignment 30\env\Lib\site-packages\django\contrib\auth\mixins.py", line 73, in dispatch
    return super().dispatch(request, *args, **kwargs)
           ~~~~~~~~~~~~~~~~^^^^^^^^^^^^^^^^^^^^^^^^^^
  File "L:\Programming\Programming\All-Main-Problem-Solving\AI-Quest-Python\assignment 30\env\Lib\site-packages\django\views\generic\base.py", line 144, in dispatch
    return handler(request, *args, **kwargs)
  File "L:\Programming\Programming\All-Main-Problem-Solving\AI-Quest-Python\assignment 30\checkout\views.py", line 84, in get
    logger.info(f"User {request.user.username} visited checkout list page. Orders count: {checkout_confirm_items.count()}")
                                                                                          ^^^^^^^^^^^^^^^^^^^^^^
NameError: name 'checkout_confirm_items' is not defined
ERROR 2025-11-19 17:17:41,530 django.server basehttp "GET /checkout/checkout-list/ HTTP/1.1" 500 110692
ERROR 2025-11-19 17:17:43,073 django.request log Internal Server Error: /checkout/checkout-list/
Traceback (most recent call last):
  File "L:\Programming\Programming\All-Main-Problem-Solving\AI-Quest-Python\assignment 30\env\Lib\site-packages\django\core\handlers\exception.py", line 55, in inner
    response = get_response(request)
  File "L:\Programming\Programming\All-Main-Problem-Solving\AI-Quest-Python\assignment 30\env\Lib\site-packages\django\core\handlers\base.py", line 197, in _get_response
    response = wrapped_callback(request, *callback_args, **callback_kwargs)
  File "L:\Programming\Programming\All-Main-Problem-Solving\AI-Quest-Python\assignment 30\env\Lib\site-packages\django\views\generic\base.py", line 105, in view
    return self.dispatch(request, *args, **kwargs)
           ~~~~~~~~~~~~~^^^^^^^^^^^^^^^^^^^^^^^^^^
  File "L:\Programming\Programming\All-Main-Problem-Solving\AI-Quest-Python\assignment 30\env\Lib\site-packages\django\utils\decorators.py", line 48, in _wrapper
    return bound_method(*args, **kwargs)
  File "L:\Programming\Programming\All-Main-Problem-Solving\AI-Quest-Python\assignment 30\env\Lib\site-packages\django\views\decorators\cache.py", line 80, in _view_wrapper
    response = view_func(request, *args, **kwargs)
  File "L:\Programming\Programming\All-Main-Problem-Solving\AI-Quest-Python\assignment 30\env\Lib\site-packages\django\contrib\auth\mixins.py", line 73, in dispatch
    return super().dispatch(request, *args, **kwargs)
           ~~~~~~~~~~~~~~~~^^^^^^^^^^^^^^^^^^^^^^^^^^
  File "L:\Programming\Programming\All-Main-Problem-Solving\AI-Quest-Python\assignment 30\env\Lib\site-packages\django\views\generic\base.py", line 144, in dispatch
    return handler(request, *args, **kwargs)
  File "L:\Programming\Programming\All-Main-Problem-Solving\AI-Quest-Python\assignment 30\checkout\views.py", line 84, in get
    logger.info(f"User {request.user.username} visited checkout list page. Orders count: {checkout_confirm_items.count()}")
                                                                                          ^^^^^^^^^^^^^^^^^^^^^^
NameError: name 'checkout_confirm_items' is not defined
ERROR 2025-11-19 17:17:43,077 django.server basehttp "GET /checkout/checkout-list/ HTTP/1.1" 500 110692
ERROR 2025-11-19 17:17:44,293 django.request log Internal Server Error: /checkout/checkout-list/
Traceback (most recent call last):
  File "L:\Programming\Programming\All-Main-Problem-Solving\AI-Quest-Python\assignment 30\env\Lib\site-packages\django\core\handlers\exception.py", line 55, in inner
    response = get_response(request)
  File "L:\Programming\Programming\All-Main-Problem-Solving\AI-Quest-Python\assignment 30\env\Lib\site-packages\django\core\handlers\base.py", line 197, in _get_response
    response = wrapped_callback(request, *callback_args, **callback_kwargs)
  File "L:\Programming\Programming\All-Main-Problem-Solving\AI-Quest-Python\assignment 30\env\Lib\site-packages\django\views\generic\base.py", line 105, in view
    return self.dispatch(request, *args, **kwargs)
           ~~~~~~~~~~~~~^^^^^^^^^^^^^^^^^^^^^^^^^^
  File "L:\Programming\Programming\All-Main-Problem-Solving\AI-Quest-Python\assignment 30\env\Lib\site-packages\django\utils\decorators.py", line 48, in _wrapper
    return bound_method(*args, **kwargs)
  File "L:\Programming\Programming\All-Main-Problem-Solving\AI-Quest-Python\assignment 30\env\Lib\site-packages\django\views\decorators\cache.py", line 80, in _view_wrapper
    response = view_func(request, *args, **kwargs)
  File "L:\Programming\Programming\All-Main-Problem-Solving\AI-Quest-Python\assignment 30\env\Lib\site-packages\django\contrib\auth\mixins.py", line 73, in dispatch
    return super().dispatch(request, *args, **kwargs)
           ~~~~~~~~~~~~~~~~^^^^^^^^^^^^^^^^^^^^^^^^^^
  File "L:\Programming\Programming\All-Main-Problem-Solving\AI-Quest-Python\assignment 30\env\Lib\site-packages\django\views\generic\base.py", line 144, in dispatch
    return handler(request, *args, **kwargs)
  File "L:\Programming\Programming\All-Main-Problem-Solving\AI-Quest-Python\assignment 30\checkout\views.py", line 84, in get
    logger.info(f"User {request.user.username} visited checkout list page. Orders count: {checkout_confirm_items.count()}")
                                                                                          ^^^^^^^^^^^^^^^^^^^^^^
NameError: name 'checkout_confirm_items' is not defined
ERROR 2025-11-19 17:17:44,301 django.server basehttp "GET /checkout/checkout-list/ HTTP/1.1" 500 110692
INFO 2025-11-19 17:18:51,504 django.utils.autoreload autoreload Watching for file changes with StatReloader
ERROR 2025-11-19 17:18:54,991 django.request log Internal Server Error: /checkout/checkout-list/
Traceback (most recent call last):
  File "L:\Programming\Programming\All-Main-Problem-Solving\AI-Quest-Python\assignment 30\env\Lib\site-packages\django\core\handlers\exception.py", line 55, in inner
    response = get_response(request)
  File "L:\Programming\Programming\All-Main-Problem-Solving\AI-Quest-Python\assignment 30\env\Lib\site-packages\django\core\handlers\base.py", line 197, in _get_response
    response = wrapped_callback(request, *callback_args, **callback_kwargs)
  File "L:\Programming\Programming\All-Main-Problem-Solving\AI-Quest-Python\assignment 30\env\Lib\site-packages\django\views\generic\base.py", line 105, in view
    return self.dispatch(request, *args, **kwargs)
           ~~~~~~~~~~~~~^^^^^^^^^^^^^^^^^^^^^^^^^^
  File "L:\Programming\Programming\All-Main-Problem-Solving\AI-Quest-Python\assignment 30\env\Lib\site-packages\django\utils\decorators.py", line 48, in _wrapper
    return bound_method(*args, **kwargs)
  File "L:\Programming\Programming\All-Main-Problem-Solving\AI-Quest-Python\assignment 30\env\Lib\site-packages\django\views\decorators\cache.py", line 80, in _view_wrapper
    response = view_func(request, *args, **kwargs)
  File "L:\Programming\Programming\All-Main-Problem-Solving\AI-Quest-Python\assignment 30\env\Lib\site-packages\django\contrib\auth\mixins.py", line 73, in dispatch
    return super().dispatch(request, *args, **kwargs)
           ~~~~~~~~~~~~~~~~^^^^^^^^^^^^^^^^^^^^^^^^^^
  File "L:\Programming\Programming\All-Main-Problem-Solving\AI-Quest-Python\assignment 30\env\Lib\site-packages\django\views\generic\base.py", line 144, in dispatch
    return handler(request, *args, **kwargs)
  File "L:\Programming\Programming\All-Main-Problem-Solving\AI-Quest-Python\assignment 30\checkout\views.py", line 84, in get
    logger.info(f"User {request.user.username} visited checkout list page. Orders count: {checkout_confirm_items.count()}")
                                                                                          ^^^^^^^^^^^^^^^^^^^^^^
NameError: name 'checkout_confirm_items' is not defined
ERROR 2025-11-19 17:18:55,015 django.server basehttp "GET /checkout/checkout-list/ HTTP/1.1" 500 110692
INFO 2025-11-19 17:19:44,665 django.utils.autoreload autoreload L:\Programming\Programming\All-Main-Problem-Solving\AI-Quest-Python\assignment 30\checkout\views.py changed, reloading.
INFO 2025-11-19 17:19:45,653 django.utils.autoreload autoreload Watching for file changes with StatReloader
INFO 2025-11-19 17:20:42,491 project views User admin visited checkout list page. Orders count: 2
INFO 2025-11-19 17:20:42,998 django.server basehttp "GET /checkout/checkout-list/ HTTP/1.1" 200 8562
INFO 2025-11-19 17:33:06,080 project views User admin visited checkout list page. Orders count: 2
INFO 2025-11-19 17:33:06,139 django.server basehttp "GET /checkout/checkout-list/ HTTP/1.1" 200 10171
INFO 2025-11-19 17:33:06,295 django.server basehttp "GET /media/products/2025/11/18/art_34.jpg HTTP/1.1" 200 25773
INFO 2025-11-19 17:35:05,338 project views User admin visited checkout list page. Orders count: 2
INFO 2025-11-19 17:35:05,367 django.server basehttp "GET /checkout/checkout-list/ HTTP/1.1" 200 10135
INFO 2025-11-19 17:35:43,810 project views User admin visited checkout list page. Orders count: 2
INFO 2025-11-19 17:35:43,834 django.server basehttp "GET /checkout/checkout-list/ HTTP/1.1" 200 10353
INFO 2025-11-19 17:37:20,634 project views User admin visited checkout list page. Orders count: 2
INFO 2025-11-19 17:37:20,650 django.server basehttp "GET /checkout/checkout-list/ HTTP/1.1" 200 10359
INFO 2025-11-19 17:43:16,794 project views User admin visited checkout list page. Orders count: 2
INFO 2025-11-19 17:43:16,821 django.server basehttp "GET /checkout/checkout-list/ HTTP/1.1" 200 10369
INFO 2025-11-19 17:48:45,899 project views User admin visited checkout list page. Orders count: 2
INFO 2025-11-19 17:48:45,924 django.server basehttp "GET /checkout/checkout-list/ HTTP/1.1" 200 10825
INFO 2025-11-19 17:49:50,265 project views User admin visited checkout list page. Orders count: 2
INFO 2025-11-19 17:49:50,291 django.server basehttp "GET /checkout/checkout-list/ HTTP/1.1" 200 10791
INFO 2025-11-19 17:59:14,883 project views User admin visited checkout list page. Orders count: 2
INFO 2025-11-19 17:59:14,915 django.server basehttp "GET /checkout/checkout-list/ HTTP/1.1" 200 11012
INFO 2025-11-19 18:00:29,445 project views User admin visited checkout list page. Orders count: 2
INFO 2025-11-19 18:00:29,471 django.server basehttp "GET /checkout/checkout-list/ HTTP/1.1" 200 11016
INFO 2025-11-19 18:05:03,691 django.utils.autoreload autoreload L:\Programming\Programming\All-Main-Problem-Solving\AI-Quest-Python\assignment 30\checkout\models.py changed, reloading.
INFO 2025-11-19 18:05:07,549 django.utils.autoreload autoreload Watching for file changes with StatReloader
INFO 2025-11-19 18:05:11,281 django.utils.autoreload autoreload L:\Programming\Programming\All-Main-Problem-Solving\AI-Quest-Python\assignment 30\checkout\models.py changed, reloading.
INFO 2025-11-19 18:05:12,020 django.utils.autoreload autoreload Watching for file changes with StatReloader
INFO 2025-11-19 18:06:20,890 django.utils.autoreload autoreload L:\Programming\Programming\All-Main-Problem-Solving\AI-Quest-Python\assignment 30\checkout\models.py changed, reloading.
INFO 2025-11-19 18:06:21,694 django.utils.autoreload autoreload Watching for file changes with StatReloader
INFO 2025-11-19 18:06:24,212 django.utils.autoreload autoreload L:\Programming\Programming\All-Main-Problem-Solving\AI-Quest-Python\assignment 30\checkout\models.py changed, reloading.
INFO 2025-11-19 18:06:24,988 django.utils.autoreload autoreload Watching for file changes with StatReloader
INFO 2025-11-19 18:06:26,455 django.utils.autoreload autoreload L:\Programming\Programming\All-Main-Problem-Solving\AI-Quest-Python\assignment 30\checkout\models.py changed, reloading.
INFO 2025-11-19 18:06:27,503 django.utils.autoreload autoreload Watching for file changes with StatReloader
INFO 2025-11-19 18:06:30,953 django.utils.autoreload autoreload L:\Programming\Programming\All-Main-Problem-Solving\AI-Quest-Python\assignment 30\checkout\models.py changed, reloading.
INFO 2025-11-19 18:06:31,625 django.utils.autoreload autoreload Watching for file changes with StatReloader
INFO 2025-11-19 18:06:33,966 django.utils.autoreload autoreload L:\Programming\Programming\All-Main-Problem-Solving\AI-Quest-Python\assignment 30\checkout\models.py changed, reloading.
INFO 2025-11-19 18:06:34,673 django.utils.autoreload autoreload Watching for file changes with StatReloader
INFO 2025-11-19 18:06:37,000 django.utils.autoreload autoreload L:\Programming\Programming\All-Main-Problem-Solving\AI-Quest-Python\assignment 30\checkout\models.py changed, reloading.
INFO 2025-11-19 18:06:37,761 django.utils.autoreload autoreload Watching for file changes with StatReloader
INFO 2025-11-19 18:06:39,082 django.utils.autoreload autoreload L:\Programming\Programming\All-Main-Problem-Solving\AI-Quest-Python\assignment 30\checkout\models.py changed, reloading.
INFO 2025-11-19 18:06:39,868 django.utils.autoreload autoreload Watching for file changes with StatReloader
INFO 2025-11-19 18:06:43,223 django.utils.autoreload autoreload L:\Programming\Programming\All-Main-Problem-Solving\AI-Quest-Python\assignment 30\checkout\models.py changed, reloading.
INFO 2025-11-19 18:06:44,067 django.utils.autoreload autoreload Watching for file changes with StatReloader
INFO 2025-11-19 18:06:48,566 django.utils.autoreload autoreload L:\Programming\Programming\All-Main-Problem-Solving\AI-Quest-Python\assignment 30\checkout\models.py changed, reloading.
INFO 2025-11-19 18:06:49,323 django.utils.autoreload autoreload Watching for file changes with StatReloader
INFO 2025-11-19 18:08:14,687 django.utils.autoreload autoreload L:\Programming\Programming\All-Main-Problem-Solving\AI-Quest-Python\assignment 30\checkout\models.py changed, reloading.
INFO 2025-11-19 18:08:15,641 django.utils.autoreload autoreload Watching for file changes with StatReloader
INFO 2025-11-19 18:08:51,155 django.utils.autoreload autoreload L:\Programming\Programming\All-Main-Problem-Solving\AI-Quest-Python\assignment 30\checkout\models.py changed, reloading.
INFO 2025-11-19 18:08:52,055 django.utils.autoreload autoreload Watching for file changes with StatReloader
INFO 2025-11-19 18:09:27,983 django.utils.autoreload autoreload L:\Programming\Programming\All-Main-Problem-Solving\AI-Quest-Python\assignment 30\checkout\views.py changed, reloading.
INFO 2025-11-19 18:09:28,905 django.utils.autoreload autoreload Watching for file changes with StatReloader
INFO 2025-11-19 18:09:40,748 django.utils.autoreload autoreload L:\Programming\Programming\All-Main-Problem-Solving\AI-Quest-Python\assignment 30\checkout\views.py changed, reloading.
INFO 2025-11-19 18:09:41,537 django.utils.autoreload autoreload Watching for file changes with StatReloader
INFO 2025-11-19 18:09:45,090 django.utils.autoreload autoreload L:\Programming\Programming\All-Main-Problem-Solving\AI-Quest-Python\assignment 30\checkout\views.py changed, reloading.
INFO 2025-11-19 18:09:45,807 django.utils.autoreload autoreload Watching for file changes with StatReloader
INFO 2025-11-19 18:09:50,323 django.utils.autoreload autoreload L:\Programming\Programming\All-Main-Problem-Solving\AI-Quest-Python\assignment 30\checkout\views.py changed, reloading.
INFO 2025-11-19 18:09:51,087 django.utils.autoreload autoreload Watching for file changes with StatReloader
INFO 2025-11-19 18:09:53,646 django.utils.autoreload autoreload L:\Programming\Programming\All-Main-Problem-Solving\AI-Quest-Python\assignment 30\checkout\views.py changed, reloading.
INFO 2025-11-19 18:09:54,846 django.utils.autoreload autoreload Watching for file changes with StatReloader
INFO 2025-11-19 18:09:57,571 django.utils.autoreload autoreload L:\Programming\Programming\All-Main-Problem-Solving\AI-Quest-Python\assignment 30\checkout\views.py changed, reloading.
INFO 2025-11-19 18:09:59,257 django.utils.autoreload autoreload Watching for file changes with StatReloader
INFO 2025-11-19 18:10:05,068 django.utils.autoreload autoreload L:\Programming\Programming\All-Main-Problem-Solving\AI-Quest-Python\assignment 30\checkout\views.py changed, reloading.
INFO 2025-11-19 18:10:06,176 django.utils.autoreload autoreload Watching for file changes with StatReloader
INFO 2025-11-19 18:10:07,781 django.utils.autoreload autoreload L:\Programming\Programming\All-Main-Problem-Solving\AI-Quest-Python\assignment 30\checkout\views.py changed, reloading.
INFO 2025-11-19 18:10:09,007 django.utils.autoreload autoreload Watching for file changes with StatReloader
INFO 2025-11-19 18:10:11,872 django.utils.autoreload autoreload L:\Programming\Programming\All-Main-Problem-Solving\AI-Quest-Python\assignment 30\checkout\views.py changed, reloading.
INFO 2025-11-19 18:10:13,362 django.utils.autoreload autoreload Watching for file changes with StatReloader
INFO 2025-11-19 18:10:16,250 django.utils.autoreload autoreload L:\Programming\Programming\All-Main-Problem-Solving\AI-Quest-Python\assignment 30\checkout\views.py changed, reloading.
INFO 2025-11-19 18:10:17,356 django.utils.autoreload autoreload Watching for file changes with StatReloader
INFO 2025-11-19 18:10:19,939 django.utils.autoreload autoreload L:\Programming\Programming\All-Main-Problem-Solving\AI-Quest-Python\assignment 30\checkout\views.py changed, reloading.
INFO 2025-11-19 18:10:20,869 django.utils.autoreload autoreload Watching for file changes with StatReloader
INFO 2025-11-19 18:10:27,345 django.utils.autoreload autoreload L:\Programming\Programming\All-Main-Problem-Solving\AI-Quest-Python\assignment 30\checkout\views.py changed, reloading.
INFO 2025-11-19 18:10:28,175 django.utils.autoreload autoreload Watching for file changes with StatReloader
INFO 2025-11-19 18:10:34,854 django.utils.autoreload autoreload L:\Programming\Programming\All-Main-Problem-Solving\AI-Quest-Python\assignment 30\checkout\views.py changed, reloading.
INFO 2025-11-19 18:10:35,764 django.utils.autoreload autoreload Watching for file changes with StatReloader
INFO 2025-11-19 18:10:49,898 django.utils.autoreload autoreload L:\Programming\Programming\All-Main-Problem-Solving\AI-Quest-Python\assignment 30\checkout\views.py changed, reloading.
INFO 2025-11-19 18:10:51,043 django.utils.autoreload autoreload Watching for file changes with StatReloader
INFO 2025-11-19 18:10:57,815 django.utils.autoreload autoreload L:\Programming\Programming\All-Main-Problem-Solving\AI-Quest-Python\assignment 30\checkout\views.py changed, reloading.
INFO 2025-11-19 18:10:58,863 django.utils.autoreload autoreload Watching for file changes with StatReloader
INFO 2025-11-19 18:11:35,642 django.utils.autoreload autoreload L:\Programming\Programming\All-Main-Problem-Solving\AI-Quest-Python\assignment 30\checkout\models.py changed, reloading.
INFO 2025-11-19 18:11:36,598 django.utils.autoreload autoreload Watching for file changes with StatReloader
INFO 2025-11-19 18:11:38,047 django.utils.autoreload autoreload L:\Programming\Programming\All-Main-Problem-Solving\AI-Quest-Python\assignment 30\checkout\models.py changed, reloading.
INFO 2025-11-19 18:11:38,762 django.utils.autoreload autoreload Watching for file changes with StatReloader
INFO 2025-11-19 18:11:42,278 django.utils.autoreload autoreload L:\Programming\Programming\All-Main-Problem-Solving\AI-Quest-Python\assignment 30\checkout\models.py changed, reloading.
INFO 2025-11-19 18:11:43,100 django.utils.autoreload autoreload Watching for file changes with StatReloader
INFO 2025-11-19 18:12:26,817 django.utils.autoreload autoreload L:\Programming\Programming\All-Main-Problem-Solving\AI-Quest-Python\assignment 30\checkout\models.py changed, reloading.
INFO 2025-11-19 18:12:27,502 django.utils.autoreload autoreload Watching for file changes with StatReloader
INFO 2025-11-19 18:12:30,998 django.utils.autoreload autoreload L:\Programming\Programming\All-Main-Problem-Solving\AI-Quest-Python\assignment 30\checkout\models.py changed, reloading.
INFO 2025-11-19 18:12:31,798 django.utils.autoreload autoreload Watching for file changes with StatReloader
INFO 2025-11-19 18:12:38,367 django.utils.autoreload autoreload L:\Programming\Programming\All-Main-Problem-Solving\AI-Quest-Python\assignment 30\checkout\models.py changed, reloading.
INFO 2025-11-19 18:12:39,160 django.utils.autoreload autoreload Watching for file changes with StatReloader
INFO 2025-11-19 18:12:40,675 django.utils.autoreload autoreload L:\Programming\Programming\All-Main-Problem-Solving\AI-Quest-Python\assignment 30\checkout\models.py changed, reloading.
INFO 2025-11-19 18:12:41,402 django.utils.autoreload autoreload Watching for file changes with StatReloader
INFO 2025-11-19 18:12:51,192 django.utils.autoreload autoreload L:\Programming\Programming\All-Main-Problem-Solving\AI-Quest-Python\assignment 30\checkout\models.py changed, reloading.
INFO 2025-11-19 18:12:51,997 django.utils.autoreload autoreload Watching for file changes with StatReloader
