INFO 2025-11-19 12:31:37,875 django.utils.autoreload autoreload Watching for file changes with StatReloader
INFO 2025-11-19 12:38:12,869 django.utils.autoreload autoreload L:\Programming\Programming\All-Main-Problem-Solving\AI-Quest-Python\assignment 30\cart\views.py changed, reloading.
INFO 2025-11-19 12:38:13,817 django.utils.autoreload autoreload Watching for file changes with StatReloader
INFO 2025-11-19 12:38:16,123 django.utils.autoreload autoreload L:\Programming\Programming\All-Main-Problem-Solving\AI-Quest-Python\assignment 30\cart\views.py changed, reloading.
INFO 2025-11-19 12:38:17,214 django.utils.autoreload autoreload Watching for file changes with StatReloader
INFO 2025-11-19 12:38:18,894 django.utils.autoreload autoreload L:\Programming\Programming\All-Main-Problem-Solving\AI-Quest-Python\assignment 30\cart\views.py changed, reloading.
INFO 2025-11-19 12:38:20,327 django.utils.autoreload autoreload Watching for file changes with StatReloader
INFO 2025-11-19 12:38:35,510 django.utils.autoreload autoreload L:\Programming\Programming\All-Main-Problem-Solving\AI-Quest-Python\assignment 30\cart\views.py changed, reloading.
INFO 2025-11-19 12:38:36,506 django.utils.autoreload autoreload Watching for file changes with StatReloader
INFO 2025-11-19 12:38:40,215 django.utils.autoreload autoreload L:\Programming\Programming\All-Main-Problem-Solving\AI-Quest-Python\assignment 30\cart\views.py changed, reloading.
INFO 2025-11-19 12:38:41,236 django.utils.autoreload autoreload Watching for file changes with StatReloader
INFO 2025-11-19 12:39:51,634 django.utils.autoreload autoreload L:\Programming\Programming\All-Main-Problem-Solving\AI-Quest-Python\assignment 30\cart\views.py changed, reloading.
INFO 2025-11-19 12:39:52,800 django.utils.autoreload autoreload Watching for file changes with StatReloader
INFO 2025-11-19 12:39:56,454 django.utils.autoreload autoreload L:\Programming\Programming\All-Main-Problem-Solving\AI-Quest-Python\assignment 30\cart\views.py changed, reloading.
INFO 2025-11-19 12:39:57,563 django.utils.autoreload autoreload Watching for file changes with StatReloader
INFO 2025-11-19 12:39:58,983 django.utils.autoreload autoreload L:\Programming\Programming\All-Main-Problem-Solving\AI-Quest-Python\assignment 30\cart\views.py changed, reloading.
INFO 2025-11-19 12:40:00,970 django.utils.autoreload autoreload Watching for file changes with StatReloader
INFO 2025-11-19 12:40:03,048 django.utils.autoreload autoreload L:\Programming\Programming\All-Main-Problem-Solving\AI-Quest-Python\assignment 30\cart\views.py changed, reloading.
INFO 2025-11-19 12:40:04,148 django.utils.autoreload autoreload Watching for file changes with StatReloader
INFO 2025-11-19 12:40:08,000 django.utils.autoreload autoreload L:\Programming\Programming\All-Main-Problem-Solving\AI-Quest-Python\assignment 30\cart\views.py changed, reloading.
INFO 2025-11-19 12:40:09,299 django.utils.autoreload autoreload Watching for file changes with StatReloader
INFO 2025-11-19 12:40:17,328 django.utils.autoreload autoreload L:\Programming\Programming\All-Main-Problem-Solving\AI-Quest-Python\assignment 30\cart\views.py changed, reloading.
INFO 2025-11-19 12:40:19,745 django.utils.autoreload autoreload Watching for file changes with StatReloader
INFO 2025-11-19 13:04:12,848 django.utils.autoreload autoreload Watching for file changes with StatReloader
INFO 2025-11-19 13:06:24,038 django.utils.autoreload autoreload L:\Programming\Programming\All-Main-Problem-Solving\AI-Quest-Python\assignment 29\checkout\views.py changed, reloading.
INFO 2025-11-19 13:06:24,865 django.utils.autoreload autoreload Watching for file changes with StatReloader
INFO 2025-11-19 13:06:28,152 django.utils.autoreload autoreload L:\Programming\Programming\All-Main-Problem-Solving\AI-Quest-Python\assignment 29\checkout\views.py changed, reloading.
INFO 2025-11-19 13:06:29,048 django.utils.autoreload autoreload Watching for file changes with StatReloader
INFO 2025-11-19 13:06:30,530 django.utils.autoreload autoreload L:\Programming\Programming\All-Main-Problem-Solving\AI-Quest-Python\assignment 29\checkout\views.py changed, reloading.
INFO 2025-11-19 13:06:31,379 django.utils.autoreload autoreload Watching for file changes with StatReloader
INFO 2025-11-19 13:06:32,995 django.utils.autoreload autoreload L:\Programming\Programming\All-Main-Problem-Solving\AI-Quest-Python\assignment 29\checkout\views.py changed, reloading.
INFO 2025-11-19 13:06:33,938 django.utils.autoreload autoreload Watching for file changes with StatReloader
INFO 2025-11-19 13:06:37,477 django.utils.autoreload autoreload L:\Programming\Programming\All-Main-Problem-Solving\AI-Quest-Python\assignment 29\checkout\views.py changed, reloading.
INFO 2025-11-19 13:06:38,446 django.utils.autoreload autoreload Watching for file changes with StatReloader
INFO 2025-11-19 13:06:43,930 django.utils.autoreload autoreload L:\Programming\Programming\All-Main-Problem-Solving\AI-Quest-Python\assignment 29\checkout\views.py changed, reloading.
INFO 2025-11-19 13:06:45,105 django.utils.autoreload autoreload Watching for file changes with StatReloader
INFO 2025-11-19 13:06:46,410 django.utils.autoreload autoreload L:\Programming\Programming\All-Main-Problem-Solving\AI-Quest-Python\assignment 29\checkout\views.py changed, reloading.
INFO 2025-11-19 13:06:47,258 django.utils.autoreload autoreload Watching for file changes with StatReloader
INFO 2025-11-19 13:06:51,783 django.utils.autoreload autoreload L:\Programming\Programming\All-Main-Problem-Solving\AI-Quest-Python\assignment 29\checkout\views.py changed, reloading.
INFO 2025-11-19 13:06:52,676 django.utils.autoreload autoreload Watching for file changes with StatReloader
INFO 2025-11-19 13:07:09,040 django.utils.autoreload autoreload L:\Programming\Programming\All-Main-Problem-Solving\AI-Quest-Python\assignment 29\checkout\views.py changed, reloading.
INFO 2025-11-19 13:07:10,232 django.utils.autoreload autoreload Watching for file changes with StatReloader
INFO 2025-11-19 13:07:12,781 django.utils.autoreload autoreload L:\Programming\Programming\All-Main-Problem-Solving\AI-Quest-Python\assignment 29\checkout\views.py changed, reloading.
INFO 2025-11-19 13:07:14,084 django.utils.autoreload autoreload Watching for file changes with StatReloader
INFO 2025-11-19 13:07:42,499 django.utils.autoreload autoreload L:\Programming\Programming\All-Main-Problem-Solving\AI-Quest-Python\assignment 29\checkout\views.py changed, reloading.
INFO 2025-11-19 13:07:43,560 django.utils.autoreload autoreload Watching for file changes with StatReloader
INFO 2025-11-19 13:09:59,776 project views User admin visited Home page
INFO 2025-11-19 13:10:00,057 django.server basehttp "GET / HTTP/1.1" 200 27222
INFO 2025-11-19 13:10:00,285 django.server basehttp "GET /static/assets/css/owl.carousel.min.css HTTP/1.1" 200 3356
INFO 2025-11-19 13:10:00,325 django.server basehttp "GET /static/assets/css/main.css HTTP/1.1" 200 891
INFO 2025-11-19 13:10:00,326 django.server basehttp "GET /static/assets/css/style.css HTTP/1.1" 200 299
INFO 2025-11-19 13:10:00,386 django.server basehttp "GET /media/products/2025/11/18/art_32.jpg HTTP/1.1" 200 21007
INFO 2025-11-19 13:10:00,451 django.server basehttp "GET /media/sliders/2025/11/18/b3.jpg HTTP/1.1" 200 927670
INFO 2025-11-19 13:10:00,496 django.server basehttp "GET /media/sliders/2025/11/18/b4.jpg HTTP/1.1" 200 1591255
INFO 2025-11-19 13:10:00,507 django.server basehttp "GET /static/assets/js/owl.carousel.min.js HTTP/1.1" 200 44348
INFO 2025-11-19 13:10:00,528 django.server basehttp "GET /media/sliders/2025/11/18/b1.jpg HTTP/1.1" 200 1477283
INFO 2025-11-19 13:10:00,562 django.server basehttp "GET /static/assets/js/script.js HTTP/1.1" 200 384
INFO 2025-11-19 13:10:00,598 django.server basehttp "GET /media/products/2025/11/18/art_34.jpg HTTP/1.1" 200 25773
INFO 2025-11-19 13:10:00,613 django.server basehttp "GET /static/assets/images/payavail/cc.jpg HTTP/1.1" 200 74962
INFO 2025-11-19 13:10:00,643 django.server basehttp "GET /media/products/2025/11/18/art_50.jpg HTTP/1.1" 200 25847
INFO 2025-11-19 13:10:00,647 django.server basehttp "GET /static/assets/images/payavail/aq.jpg HTTP/1.1" 200 21391
INFO 2025-11-19 13:10:00,655 django.server basehttp "GET /static/assets/js/main.js HTTP/1.1" 200 1480
INFO 2025-11-19 13:10:00,695 django.server basehttp "GET /media/products/2025/11/18/art_38.jpg HTTP/1.1" 200 25444
INFO 2025-11-19 13:10:00,701 django.server basehttp "GET /media/products/2025/11/18/art_47.jpg HTTP/1.1" 200 12814
INFO 2025-11-19 13:10:00,707 django.server basehttp "GET /static/assets/js/all.min.js HTTP/1.1" 200 1194964
INFO 2025-11-19 13:10:00,712 django.server basehttp "GET /media/sliders/2025/11/18/b2.jpg HTTP/1.1" 200 1739559
INFO 2025-11-19 13:10:00,739 django.server basehttp "GET /media/products/2025/11/18/borkha.jpg_2.jpg HTTP/1.1" 200 42964
INFO 2025-11-19 13:10:00,783 django.server basehttp "GET /media/products/2025/11/18/baby_2.jpg HTTP/1.1" 200 12252
INFO 2025-11-19 13:10:00,784 django.server basehttp "GET /media/products/2025/11/18/borkha.jpg_5.jpg HTTP/1.1" 200 30058
INFO 2025-11-19 13:10:00,784 django.server basehttp "GET /media/products/2025/11/18/borkha.jpg HTTP/1.1" 200 92570
INFO 2025-11-19 13:10:00,796 django.server basehttp "GET /media/products/2025/11/18/borkha.jpg_4.jpg HTTP/1.1" 200 96469
INFO 2025-11-19 13:10:00,796 django.server basehttp "GET /media/products/2025/11/18/borkha.jpg_7.jpg HTTP/1.1" 200 46250
INFO 2025-11-19 13:10:00,800 django.server basehttp "GET /media/products/2025/11/18/baby_1.jpg HTTP/1.1" 200 6662
INFO 2025-11-19 13:10:00,855 django.server basehttp "GET /static/assets/images/paymentlogo.png HTTP/1.1" 200 7075
INFO 2025-11-19 13:10:00,859 django.server basehttp "GET /media/products/2025/11/18/baby_4.jpg HTTP/1.1" 200 12120
INFO 2025-11-19 13:10:00,862 django.server basehttp "GET /media/products/2025/11/18/baby5.jpg HTTP/1.1" 200 30064
INFO 2025-11-19 13:10:00,865 django.server basehttp "GET /media/products/2025/11/18/baby_5.jpg HTTP/1.1" 200 4097
INFO 2025-11-19 13:10:18,602 project views User admin viewed category 1 with brand=None and price_filter=None
INFO 2025-11-19 13:10:18,707 django.server basehttp "GET /category-product/lehenga/1/ HTTP/1.1" 200 14630
INFO 2025-11-19 13:10:18,768 django.server basehttp "GET /media/products/2025/11/18/lehenga_3.jpg HTTP/1.1" 200 12865
INFO 2025-11-19 13:10:18,774 django.server basehttp "GET /media/products/2025/11/18/lehenga_5.jpg HTTP/1.1" 200 93922
INFO 2025-11-19 13:10:18,794 django.server basehttp "GET /media/products/2025/11/18/lehenga_4.jpg HTTP/1.1" 200 343410
INFO 2025-11-19 13:10:18,887 django.server basehttp "GET /media/products/2025/11/18/lehenga_2.jpg HTTP/1.1" 200 2690322
INFO 2025-11-19 13:10:18,890 django.server basehttp "GET /media/products/2025/11/18/lehenga_1.jpg HTTP/1.1" 200 1037580
INFO 2025-11-19 13:10:24,579 project views User admin viewed category 1 with brand=1 and price_filter=None
INFO 2025-11-19 13:10:24,582 django.server basehttp "GET /category-product/lehenga/1/?brand=1 HTTP/1.1" 200 1743
INFO 2025-11-19 13:10:27,178 project views User admin viewed category 1 with brand=2 and price_filter=None
INFO 2025-11-19 13:10:27,181 django.server basehttp "GET /category-product/lehenga/1/?brand=2 HTTP/1.1" 200 1699
INFO 2025-11-19 13:10:29,817 project views User admin viewed category 1 with brand=4 and price_filter=None
INFO 2025-11-19 13:10:29,819 django.server basehttp "GET /category-product/lehenga/1/?brand=4 HTTP/1.1" 200 950
INFO 2025-11-19 13:12:04,803 django.utils.autoreload autoreload L:\Programming\Programming\All-Main-Problem-Solving\AI-Quest-Python\assignment 29\config\settings.py changed, reloading.
INFO 2025-11-19 13:12:05,611 django.utils.autoreload autoreload Watching for file changes with StatReloader
INFO 2025-11-19 13:12:10,153 django.utils.autoreload autoreload L:\Programming\Programming\All-Main-Problem-Solving\AI-Quest-Python\assignment 29\config\settings.py changed, reloading.
