ERROR 2025-11-19 13:34:10,392 django.request log Internal Server Error: /accounts/profile/
Traceback (most recent call last):
  File "L:\Programming\Programming\All-Main-Problem-Solving\AI-Quest-Python\assignment 30\env\Lib\site-packages\django\core\handlers\exception.py", line 55, in inner
    response = get_response(request)
  File "L:\Programming\Programming\All-Main-Problem-Solving\AI-Quest-Python\assignment 30\env\Lib\site-packages\django\core\handlers\base.py", line 197, in _get_response
    response = wrapped_callback(request, *callback_args, **callback_kwargs)
  File "L:\Programming\Programming\All-Main-Problem-Solving\AI-Quest-Python\assignment 30\env\Lib\site-packages\django\views\generic\base.py", line 105, in view
    return self.dispatch(request, *args, **kwargs)
           ~~~~~~~~~~~~~^^^^^^^^^^^^^^^^^^^^^^^^^^
  File "L:\Programming\Programming\All-Main-Problem-Solving\AI-Quest-Python\assignment 30\env\Lib\site-packages\django\utils\decorators.py", line 48, in _wrapper
    return bound_method(*args, **kwargs)
  File "L:\Programming\Programming\All-Main-Problem-Solving\AI-Quest-Python\assignment 30\env\Lib\site-packages\django\views\decorators\cache.py", line 80, in _view_wrapper
    response = view_func(request, *args, **kwargs)
  File "L:\Programming\Programming\All-Main-Problem-Solving\AI-Quest-Python\assignment 29\accounts\mixing.py", line 11, in dispatch
    return super().dispatch(request, *args, **kwargs)
           ~~~~~~~~~~~~~~~~^^^^^^^^^^^^^^^^^^^^^^^^^^
  File "L:\Programming\Programming\All-Main-Problem-Solving\AI-Quest-Python\assignment 30\env\Lib\site-packages\django\views\generic\base.py", line 144, in dispatch
    return handler(request, *args, **kwargs)
  File "L:\Programming\Programming\All-Main-Problem-Solving\AI-Quest-Python\assignment 29\accounts\views.py", line 120, in post
    Profile.objects.create(
    ~~~~~~~~~~~~~~~~~~~~~~^
        user=request.user,
        ^^^^^^^^^^^^^^^^^^
    ...<8 lines>...
        }
        ^
    )
    ^
  File "L:\Programming\Programming\All-Main-Problem-Solving\AI-Quest-Python\assignment 30\env\Lib\site-packages\django\db\models\manager.py", line 87, in manager_method
    return getattr(self.get_queryset(), name)(*args, **kwargs)
           ~~~~~~~~~~~~~~~~~~~~~~~~~~~~~~~~~~^^^^^^^^^^^^^^^^^
  File "L:\Programming\Programming\All-Main-Problem-Solving\AI-Quest-Python\assignment 30\env\Lib\site-packages\django\db\models\query.py", line 661, in create
    obj = self.model(**kwargs)
  File "L:\Programming\Programming\All-Main-Problem-Solving\AI-Quest-Python\assignment 30\env\Lib\site-packages\django\db\models\base.py", line 569, in __init__
    raise TypeError(
    ...<2 lines>...
    )
TypeError: Profile() got unexpected keyword arguments: 'defaults'
ERROR 2025-11-19 13:34:10,399 django.server basehttp "POST /accounts/profile/ HTTP/1.1" 500 128765
