INFO 2025-11-19 18:41:00,583 project views User admin visited checkout list page. Orders count: 2
INFO 2025-11-19 18:41:00,593 django.server basehttp "GET /checkout/checkout-list/ HTTP/1.1" 200 11016
INFO 2025-11-19 18:42:38,455 project views User admin visited checkout list page. Orders count: 2
INFO 2025-11-19 18:42:38,479 django.server basehttp "GET /checkout/checkout-list/ HTTP/1.1" 200 11196
INFO 2025-11-19 18:43:21,046 project views User admin visited Home page. Sliders: 4, Gents Pants: 5, Borkhas: 5, Baby Fashions: 5
INFO 2025-11-19 18:43:21,088 django.server basehttp "GET / HTTP/1.1" 200 27222
INFO 2025-11-20 13:17:04,921 django.utils.autoreload autoreload Watching for file changes with StatReloader
INFO 2025-11-20 13:17:53,549 project views User Anonymous visited Home page. Sliders: 4, Gents Pants: 5, Borkhas: 5, Baby Fashions: 5
INFO 2025-11-20 13:17:54,046 django.server basehttp "GET / HTTP/1.1" 200 26298
INFO 2025-11-20 13:17:54,358 django.server basehttp "GET /static/assets/css/main.css HTTP/1.1" 200 891
INFO 2025-11-20 13:17:54,360 django.server basehttp "GET /static/assets/css/style.css HTTP/1.1" 200 299
INFO 2025-11-20 13:17:54,390 django.server basehttp "GET /static/assets/css/owl.carousel.min.css HTTP/1.1" 200 3356
INFO 2025-11-20 13:17:54,401 django.server basehttp "GET /media/products/2025/11/18/art_32.jpg HTTP/1.1" 200 21007
INFO 2025-11-20 13:17:54,507 django.server basehttp "GET /static/assets/js/owl.carousel.min.js HTTP/1.1" 200 44348
INFO 2025-11-20 13:17:54,511 django.server basehttp "GET /media/sliders/2025/11/18/b3.jpg HTTP/1.1" 200 927670
INFO 2025-11-20 13:17:54,543 django.server basehttp "GET /media/sliders/2025/11/18/b4.jpg HTTP/1.1" 200 1591255
INFO 2025-11-20 13:17:54,576 django.server basehttp "GET /media/sliders/2025/11/18/b1.jpg HTTP/1.1" 200 1477283
INFO 2025-11-20 13:17:54,590 django.server basehttp "GET /media/sliders/2025/11/18/b2.jpg HTTP/1.1" 200 1739559
INFO 2025-11-20 13:17:54,662 django.server basehttp "GET /static/assets/images/payavail/aq.jpg HTTP/1.1" 200 21391
INFO 2025-11-20 13:17:54,719 django.server basehttp "GET /static/assets/js/script.js HTTP/1.1" 200 384
INFO 2025-11-20 13:17:54,721 django.server basehttp "GET /static/assets/images/payavail/cc.jpg HTTP/1.1" 200 74962
INFO 2025-11-20 13:17:54,759 django.server basehttp "GET /static/assets/js/all.min.js HTTP/1.1" 200 1194964
INFO 2025-11-20 13:17:54,774 django.server basehttp "GET /media/products/2025/11/18/art_34.jpg HTTP/1.1" 200 25773
INFO 2025-11-20 13:17:54,782 django.server basehttp "GET /static/assets/js/main.js HTTP/1.1" 200 1480
INFO 2025-11-20 13:17:54,809 django.server basehttp "GET /media/products/2025/11/18/art_50.jpg HTTP/1.1" 200 25847
INFO 2025-11-20 13:17:54,840 django.server basehttp "GET /media/products/2025/11/18/art_38.jpg HTTP/1.1" 200 25444
INFO 2025-11-20 13:17:54,850 django.server basehttp "GET /media/products/2025/11/18/art_47.jpg HTTP/1.1" 200 12814
INFO 2025-11-20 13:17:54,914 django.server basehttp "GET /media/products/2025/11/18/borkha.jpg_5.jpg HTTP/1.1" 200 30058
INFO 2025-11-20 13:17:54,916 django.server basehttp "GET /media/products/2025/11/18/borkha.jpg_4.jpg HTTP/1.1" 200 96469
INFO 2025-11-20 13:17:54,916 django.server basehttp "GET /media/products/2025/11/18/borkha.jpg_7.jpg HTTP/1.1" 200 46250
INFO 2025-11-20 13:17:54,919 django.server basehttp "GET /media/products/2025/11/18/borkha.jpg HTTP/1.1" 200 92570
INFO 2025-11-20 13:17:54,939 django.server basehttp "GET /media/products/2025/11/18/baby_1.jpg HTTP/1.1" 200 6662
INFO 2025-11-20 13:17:54,940 django.server basehttp "GET /media/products/2025/11/18/borkha.jpg_2.jpg HTTP/1.1" 200 42964
INFO 2025-11-20 13:17:54,969 django.server basehttp "GET /media/products/2025/11/18/baby_2.jpg HTTP/1.1" 200 12252
INFO 2025-11-20 13:17:54,981 django.server basehttp "GET /media/products/2025/11/18/baby_4.jpg HTTP/1.1" 200 12120
INFO 2025-11-20 13:17:55,020 django.server basehttp "GET /static/assets/images/paymentlogo.png HTTP/1.1" 200 7075
INFO 2025-11-20 13:17:55,030 django.server basehttp "GET /media/products/2025/11/18/baby5.jpg HTTP/1.1" 200 30064
INFO 2025-11-20 13:17:55,067 django.server basehttp "GET /media/products/2025/11/18/baby_5.jpg HTTP/1.1" 200 4097
WARNING 2025-11-20 13:17:55,223 django.request log Not Found: /favicon.ico
WARNING 2025-11-20 13:17:55,224 django.server basehttp "GET /favicon.ico HTTP/1.1" 404 4407
INFO 2025-11-20 13:17:59,903 django.server basehttp "GET /accounts/sign-in/ HTTP/1.1" 200 8972
INFO 2025-11-20 13:18:03,136 django.server basehttp "POST /accounts/sign-in/ HTTP/1.1" 302 0
INFO 2025-11-20 13:18:03,212 django.server basehttp "GET /accounts/profile/ HTTP/1.1" 200 11459
INFO 2025-11-20 13:18:08,839 project views User admin viewed cart with 1 items, total: 900000.0
INFO 2025-11-20 13:18:08,898 django.server basehttp "GET /cart/cart-detail/ HTTP/1.1" 200 13100
INFO 2025-11-20 13:18:09,003 django.server basehttp "GET /media/products/2025/11/18/lehenga_2.jpg HTTP/1.1" 200 2690322
INFO 2025-11-20 13:18:17,622 project views User admin decreased quantity of Product 17 to 1
INFO 2025-11-20 13:18:17,774 django.server basehttp "POST /cart/qty-inc-dec/ HTTP/1.1" 200 112
INFO 2025-11-20 13:18:21,589 project views User admin viewed Category 1 - LEHENGA. Products count: 5
INFO 2025-11-20 13:18:21,719 django.server basehttp "GET /category-product/lehenga/1/ HTTP/1.1" 200 16248
INFO 2025-11-20 13:18:21,806 django.server basehttp "GET /media/products/2025/11/18/lehenga_3.jpg HTTP/1.1" 200 12865
INFO 2025-11-20 13:18:21,813 django.server basehttp "GET /media/products/2025/11/18/lehenga_5.jpg HTTP/1.1" 200 93922
INFO 2025-11-20 13:18:21,840 django.server basehttp "GET /media/products/2025/11/18/lehenga_4.jpg HTTP/1.1" 200 343410
INFO 2025-11-20 13:18:21,849 django.server basehttp "GET /media/products/2025/11/18/lehenga_1.jpg HTTP/1.1" 200 1037580
ERROR 2025-11-20 13:18:26,139 django.request log Internal Server Error: /single-product/exclusive-design-readymade-georgette-embroidered-party-dress02/17/
Traceback (most recent call last):
  File "C:\Python 3.13.5\Lib\site-packages\django\core\handlers\exception.py", line 55, in inner
    response = get_response(request)
  File "C:\Python 3.13.5\Lib\site-packages\django\core\handlers\base.py", line 197, in _get_response
    response = wrapped_callback(request, *callback_args, **callback_kwargs)
  File "C:\Python 3.13.5\Lib\site-packages\django\views\generic\base.py", line 105, in view
    return self.dispatch(request, *args, **kwargs)
           ~~~~~~~~~~~~~^^^^^^^^^^^^^^^^^^^^^^^^^^
  File "C:\Python 3.13.5\Lib\site-packages\django\utils\decorators.py", line 48, in _wrapper
    return bound_method(*args, **kwargs)
  File "C:\Python 3.13.5\Lib\site-packages\django\views\decorators\cache.py", line 80, in _view_wrapper
    response = view_func(request, *args, **kwargs)
  File "C:\Python 3.13.5\Lib\site-packages\django\views\generic\base.py", line 144, in dispatch
    return handler(request, *args, **kwargs)
  File "L:\Programming\Programming\All-Main-Problem-Solving\AI-Quest-Python\assignment 17\store\views.py", line 58, in get
    product_already_in_cart = request.user.cart_items.filter(product=product).exists()
                              ^^^^^^^^^^^^^^^^^^^^^^^
  File "C:\Python 3.13.5\Lib\site-packages\django\utils\functional.py", line 253, in inner
    return func(_wrapped, *args)
AttributeError: 'User' object has no attribute 'cart_items'
ERROR 2025-11-20 13:18:26,145 django.server basehttp "GET /single-product/exclusive-design-readymade-georgette-embroidered-party-dress02/17/ HTTP/1.1" 500 110934
INFO 2025-11-20 13:19:20,266 django.utils.autoreload autoreload L:\Programming\Programming\All-Main-Problem-Solving\AI-Quest-Python\assignment 17\store\views.py changed, reloading.
INFO 2025-11-20 13:19:21,406 django.utils.autoreload autoreload Watching for file changes with StatReloader
INFO 2025-11-20 13:19:24,207 django.utils.autoreload autoreload L:\Programming\Programming\All-Main-Problem-Solving\AI-Quest-Python\assignment 17\store\views.py changed, reloading.
INFO 2025-11-20 13:19:25,561 django.utils.autoreload autoreload Watching for file changes with StatReloader
INFO 2025-11-20 13:19:52,807 django.utils.autoreload autoreload L:\Programming\Programming\All-Main-Problem-Solving\AI-Quest-Python\assignment 17\store\views.py changed, reloading.
INFO 2025-11-20 13:19:54,064 django.utils.autoreload autoreload Watching for file changes with StatReloader
INFO 2025-11-20 13:20:13,311 django.utils.autoreload autoreload L:\Programming\Programming\All-Main-Problem-Solving\AI-Quest-Python\assignment 17\store\views.py changed, reloading.
INFO 2025-11-20 13:20:14,294 django.utils.autoreload autoreload Watching for file changes with StatReloader
INFO 2025-11-20 13:20:26,354 django.utils.autoreload autoreload L:\Programming\Programming\All-Main-Problem-Solving\AI-Quest-Python\assignment 17\store\views.py changed, reloading.
INFO 2025-11-20 13:20:28,322 django.utils.autoreload autoreload Watching for file changes with StatReloader
INFO 2025-11-20 13:20:30,203 django.utils.autoreload autoreload L:\Programming\Programming\All-Main-Problem-Solving\AI-Quest-Python\assignment 17\store\views.py changed, reloading.
INFO 2025-11-20 13:20:31,647 django.utils.autoreload autoreload Watching for file changes with StatReloader
INFO 2025-11-20 13:20:35,049 django.utils.autoreload autoreload L:\Programming\Programming\All-Main-Problem-Solving\AI-Quest-Python\assignment 17\store\views.py changed, reloading.
INFO 2025-11-20 13:20:36,195 django.utils.autoreload autoreload Watching for file changes with StatReloader
INFO 2025-11-20 13:20:46,485 django.utils.autoreload autoreload L:\Programming\Programming\All-Main-Problem-Solving\AI-Quest-Python\assignment 17\store\views.py changed, reloading.
INFO 2025-11-20 13:20:47,529 django.utils.autoreload autoreload Watching for file changes with StatReloader
INFO 2025-11-20 13:20:51,312 django.utils.autoreload autoreload L:\Programming\Programming\All-Main-Problem-Solving\AI-Quest-Python\assignment 17\store\views.py changed, reloading.
INFO 2025-11-20 13:20:52,431 django.utils.autoreload autoreload Watching for file changes with StatReloader
INFO 2025-11-20 13:22:04,887 project views User admin viewed Product 17 - Exclusive Design Readymade Georgette Embroidered Party Dress02
INFO 2025-11-20 13:22:05,355 django.server basehttp "GET /single-product/exclusive-design-readymade-georgette-embroidered-party-dress02/17/ HTTP/1.1" 200 12580
INFO 2025-11-20 13:23:05,769 django.utils.autoreload autoreload L:\Programming\Programming\All-Main-Problem-Solving\AI-Quest-Python\assignment 17\store\views.py changed, reloading.
INFO 2025-11-20 13:23:06,867 django.utils.autoreload autoreload Watching for file changes with StatReloader
INFO 2025-11-20 13:23:08,642 django.utils.autoreload autoreload L:\Programming\Programming\All-Main-Problem-Solving\AI-Quest-Python\assignment 17\store\views.py changed, reloading.
INFO 2025-11-20 13:23:09,679 django.utils.autoreload autoreload Watching for file changes with StatReloader
INFO 2025-11-20 13:23:13,349 django.utils.autoreload autoreload L:\Programming\Programming\All-Main-Problem-Solving\AI-Quest-Python\assignment 17\store\views.py changed, reloading.
INFO 2025-11-20 13:23:14,452 django.utils.autoreload autoreload Watching for file changes with StatReloader
INFO 2025-11-20 13:23:21,311 django.utils.autoreload autoreload L:\Programming\Programming\All-Main-Problem-Solving\AI-Quest-Python\assignment 17\store\views.py changed, reloading.
INFO 2025-11-20 13:23:22,615 django.utils.autoreload autoreload Watching for file changes with StatReloader
INFO 2025-11-20 13:23:26,038 django.utils.autoreload autoreload L:\Programming\Programming\All-Main-Problem-Solving\AI-Quest-Python\assignment 17\store\views.py changed, reloading.
INFO 2025-11-20 13:23:27,324 django.utils.autoreload autoreload Watching for file changes with StatReloader
INFO 2025-11-20 13:23:29,693 django.utils.autoreload autoreload L:\Programming\Programming\All-Main-Problem-Solving\AI-Quest-Python\assignment 17\store\views.py changed, reloading.
INFO 2025-11-20 13:23:31,069 django.utils.autoreload autoreload Watching for file changes with StatReloader
INFO 2025-11-20 13:23:36,568 django.utils.autoreload autoreload L:\Programming\Programming\All-Main-Problem-Solving\AI-Quest-Python\assignment 17\store\views.py changed, reloading.
INFO 2025-11-20 13:23:37,761 django.utils.autoreload autoreload Watching for file changes with StatReloader
INFO 2025-11-20 13:23:42,461 django.utils.autoreload autoreload L:\Programming\Programming\All-Main-Problem-Solving\AI-Quest-Python\assignment 17\store\views.py changed, reloading.
INFO 2025-11-20 13:23:43,746 django.utils.autoreload autoreload Watching for file changes with StatReloader
INFO 2025-11-20 13:23:48,297 django.utils.autoreload autoreload L:\Programming\Programming\All-Main-Problem-Solving\AI-Quest-Python\assignment 17\store\views.py changed, reloading.
INFO 2025-11-20 13:23:49,696 django.utils.autoreload autoreload Watching for file changes with StatReloader
INFO 2025-11-20 13:23:56,285 django.utils.autoreload autoreload L:\Programming\Programming\All-Main-Problem-Solving\AI-Quest-Python\assignment 17\store\views.py changed, reloading.
INFO 2025-11-20 13:23:57,727 django.utils.autoreload autoreload Watching for file changes with StatReloader
INFO 2025-11-20 13:25:08,727 django.utils.autoreload autoreload L:\Programming\Programming\All-Main-Problem-Solving\AI-Quest-Python\assignment 17\store\views.py changed, reloading.
INFO 2025-11-20 13:25:10,238 django.utils.autoreload autoreload Watching for file changes with StatReloader
INFO 2025-11-20 13:25:24,468 django.utils.autoreload autoreload L:\Programming\Programming\All-Main-Problem-Solving\AI-Quest-Python\assignment 17\store\views.py changed, reloading.
INFO 2025-11-20 13:25:25,903 django.utils.autoreload autoreload Watching for file changes with StatReloader
INFO 2025-11-20 13:25:30,980 django.utils.autoreload autoreload L:\Programming\Programming\All-Main-Problem-Solving\AI-Quest-Python\assignment 17\store\views.py changed, reloading.
INFO 2025-11-20 13:25:32,341 django.utils.autoreload autoreload Watching for file changes with StatReloader
INFO 2025-11-20 13:25:36,031 django.utils.autoreload autoreload L:\Programming\Programming\All-Main-Problem-Solving\AI-Quest-Python\assignment 17\store\views.py changed, reloading.
INFO 2025-11-20 13:25:37,243 django.utils.autoreload autoreload Watching for file changes with StatReloader
INFO 2025-11-20 13:25:54,446 django.utils.autoreload autoreload L:\Programming\Programming\All-Main-Problem-Solving\AI-Quest-Python\assignment 17\store\views.py changed, reloading.
INFO 2025-11-20 13:25:55,269 django.utils.autoreload autoreload Watching for file changes with StatReloader
INFO 2025-11-20 13:25:57,581 django.utils.autoreload autoreload L:\Programming\Programming\All-Main-Problem-Solving\AI-Quest-Python\assignment 17\store\views.py changed, reloading.
INFO 2025-11-20 13:25:58,540 django.utils.autoreload autoreload Watching for file changes with StatReloader
INFO 2025-11-20 13:26:06,040 django.utils.autoreload autoreload L:\Programming\Programming\All-Main-Problem-Solving\AI-Quest-Python\assignment 17\store\views.py changed, reloading.
INFO 2025-11-20 13:26:07,047 django.utils.autoreload autoreload Watching for file changes with StatReloader
INFO 2025-11-20 13:26:10,469 django.utils.autoreload autoreload L:\Programming\Programming\All-Main-Problem-Solving\AI-Quest-Python\assignment 17\store\views.py changed, reloading.
INFO 2025-11-20 13:26:11,536 django.utils.autoreload autoreload Watching for file changes with StatReloader
INFO 2025-11-20 13:26:16,160 django.utils.autoreload autoreload L:\Programming\Programming\All-Main-Problem-Solving\AI-Quest-Python\assignment 17\store\views.py changed, reloading.
INFO 2025-11-20 13:26:17,104 django.utils.autoreload autoreload Watching for file changes with StatReloader
INFO 2025-11-20 13:26:19,541 django.utils.autoreload autoreload L:\Programming\Programming\All-Main-Problem-Solving\AI-Quest-Python\assignment 17\store\views.py changed, reloading.
INFO 2025-11-20 13:26:20,662 django.utils.autoreload autoreload Watching for file changes with StatReloader
INFO 2025-11-20 13:26:33,455 django.utils.autoreload autoreload L:\Programming\Programming\All-Main-Problem-Solving\AI-Quest-Python\assignment 17\store\views.py changed, reloading.
INFO 2025-11-20 13:26:34,310 django.utils.autoreload autoreload Watching for file changes with StatReloader
INFO 2025-11-20 13:26:36,685 django.utils.autoreload autoreload L:\Programming\Programming\All-Main-Problem-Solving\AI-Quest-Python\assignment 17\store\views.py changed, reloading.
INFO 2025-11-20 13:26:37,680 django.utils.autoreload autoreload Watching for file changes with StatReloader
INFO 2025-11-20 13:27:17,927 django.utils.autoreload autoreload L:\Programming\Programming\All-Main-Problem-Solving\AI-Quest-Python\assignment 17\store\views.py changed, reloading.
INFO 2025-11-20 13:27:20,701 django.utils.autoreload autoreload Watching for file changes with StatReloader
INFO 2025-11-20 13:29:59,092 project views User admin viewed Product 17 - Exclusive Design Readymade Georgette Embroidered Party Dress02
INFO 2025-11-20 13:29:59,493 django.server basehttp "GET /single-product/exclusive-design-readymade-georgette-embroidered-party-dress02/17/ HTTP/1.1" 200 12580
INFO 2025-11-20 13:30:05,425 project views User admin viewed cart with 1 items, total: 450000.0
INFO 2025-11-20 13:30:05,442 django.server basehttp "GET /cart/cart-detail/ HTTP/1.1" 200 13100
INFO 2025-11-20 13:30:15,795 project views User admin updated Product 17 quantity to 2 in cart.
INFO 2025-11-20 13:30:15,937 django.server basehttp "POST /cart/add-to-cart/ HTTP/1.1" 200 307
INFO 2025-11-20 13:30:20,557 project views User admin viewed cart with 1 items, total: 900000.0
INFO 2025-11-20 13:30:20,566 django.server basehttp "GET /cart/cart-detail/ HTTP/1.1" 200 13100
INFO 2025-11-20 13:30:39,134 django.utils.autoreload autoreload L:\Programming\Programming\All-Main-Problem-Solving\AI-Quest-Python\assignment 17\store\views.py changed, reloading.
INFO 2025-11-20 13:30:40,436 django.utils.autoreload autoreload Watching for file changes with StatReloader
INFO 2025-11-20 13:30:41,775 django.utils.autoreload autoreload L:\Programming\Programming\All-Main-Problem-Solving\AI-Quest-Python\assignment 17\store\views.py changed, reloading.
INFO 2025-11-20 13:30:43,984 django.utils.autoreload autoreload Watching for file changes with StatReloader
INFO 2025-11-20 13:30:45,848 django.utils.autoreload autoreload L:\Programming\Programming\All-Main-Problem-Solving\AI-Quest-Python\assignment 17\store\views.py changed, reloading.
INFO 2025-11-20 13:30:48,043 django.utils.autoreload autoreload Watching for file changes with StatReloader
INFO 2025-11-20 13:30:50,764 django.utils.autoreload autoreload L:\Programming\Programming\All-Main-Problem-Solving\AI-Quest-Python\assignment 17\store\views.py changed, reloading.
INFO 2025-11-20 13:30:52,173 django.utils.autoreload autoreload Watching for file changes with StatReloader
INFO 2025-11-20 13:30:55,374 django.utils.autoreload autoreload L:\Programming\Programming\All-Main-Problem-Solving\AI-Quest-Python\assignment 17\store\views.py changed, reloading.
INFO 2025-11-20 13:30:57,465 django.utils.autoreload autoreload Watching for file changes with StatReloader
INFO 2025-11-20 13:31:00,771 project views User admin viewed cart with 1 items, total: 900000.0
INFO 2025-11-20 13:31:00,817 django.server basehttp "GET /cart/cart-detail/ HTTP/1.1" 200 13100
INFO 2025-11-20 13:31:02,400 project views User admin decreased quantity of Product 17 to 1
INFO 2025-11-20 13:31:02,530 django.server basehttp "POST /cart/qty-inc-dec/ HTTP/1.1" 200 112
INFO 2025-11-20 13:31:09,397 project views User admin viewed Product 17 - Exclusive Design Readymade Georgette Embroidered Party Dress02
INFO 2025-11-20 13:31:09,405 django.server basehttp "GET /single-product/exclusive-design-readymade-georgette-embroidered-party-dress02/17/ HTTP/1.1" 200 12580
INFO 2025-11-20 13:31:11,886 project views User admin updated Product 17 quantity to 2 in cart.
INFO 2025-11-20 13:31:11,944 django.server basehttp "POST /cart/add-to-cart/ HTTP/1.1" 200 307
INFO 2025-11-20 13:31:18,287 project views User admin viewed cart with 1 items, total: 900000.0
INFO 2025-11-20 13:31:18,349 django.server basehttp "GET /cart/cart-detail/ HTTP/1.1" 200 13100
INFO 2025-11-20 13:32:15,803 django.utils.autoreload autoreload Watching for file changes with StatReloader
INFO 2025-11-20 13:32:24,401 project views User admin viewed cart with 1 items, total: 900000.0
INFO 2025-11-20 13:32:24,441 django.server basehttp "GET /cart/cart-detail/ HTTP/1.1" 200 13100
INFO 2025-11-20 13:32:40,583 project views User admin updated Product 17 quantity to 3 in cart.
INFO 2025-11-20 13:32:40,732 django.server basehttp "POST /cart/add-to-cart/ HTTP/1.1" 200 308
INFO 2025-11-20 13:32:56,914 project views User admin viewed Product 17 - Exclusive Design Readymade Georgette Embroidered Party Dress02
INFO 2025-11-20 13:32:56,922 django.server basehttp "GET /single-product/exclusive-design-readymade-georgette-embroidered-party-dress02/17/ HTTP/1.1" 200 12580
INFO 2025-11-20 13:33:02,895 project views User admin decreased quantity of Product 17 to 2
INFO 2025-11-20 13:33:03,026 django.server basehttp "POST /cart/qty-inc-dec/ HTTP/1.1" 200 112
INFO 2025-11-20 13:33:04,278 project views User admin decreased quantity of Product 17 to 1
INFO 2025-11-20 13:33:04,332 django.server basehttp "POST /cart/qty-inc-dec/ HTTP/1.1" 200 112
INFO 2025-11-20 13:33:07,627 project views User admin viewed cart with 1 items, total: 450000.0
INFO 2025-11-20 13:33:07,638 django.server basehttp "GET /cart/cart-detail/ HTTP/1.1" 200 13100
INFO 2025-11-20 13:33:49,537 django.utils.autoreload autoreload L:\Programming\Programming\All-Main-Problem-Solving\AI-Quest-Python\assignment 17\store\views.py changed, reloading.
INFO 2025-11-20 13:33:50,689 django.utils.autoreload autoreload Watching for file changes with StatReloader
INFO 2025-11-20 13:34:45,921 django.utils.autoreload autoreload L:\Programming\Programming\All-Main-Problem-Solving\AI-Quest-Python\assignment 17\store\views.py changed, reloading.
INFO 2025-11-20 13:34:47,146 django.utils.autoreload autoreload Watching for file changes with StatReloader
INFO 2025-11-20 13:34:49,918 django.utils.autoreload autoreload L:\Programming\Programming\All-Main-Problem-Solving\AI-Quest-Python\assignment 17\store\views.py changed, reloading.
INFO 2025-11-20 13:34:51,019 django.utils.autoreload autoreload Watching for file changes with StatReloader
INFO 2025-11-20 13:34:53,376 django.utils.autoreload autoreload L:\Programming\Programming\All-Main-Problem-Solving\AI-Quest-Python\assignment 17\store\views.py changed, reloading.
INFO 2025-11-20 13:34:54,467 django.utils.autoreload autoreload Watching for file changes with StatReloader
INFO 2025-11-20 13:38:00,024 project views User admin viewed Product 17 - Exclusive Design Readymade Georgette Embroidered Party Dress02
INFO 2025-11-20 13:38:00,069 django.server basehttp "GET /single-product/exclusive-design-readymade-georgette-embroidered-party-dress02/17/ HTTP/1.1" 200 12580
INFO 2025-11-20 13:38:03,001 project views User admin viewed cart with 1 items, total: 450000.0
INFO 2025-11-20 13:38:03,011 django.server basehttp "GET /cart/cart-detail/ HTTP/1.1" 200 13100
INFO 2025-11-20 13:38:06,909 project views User admin viewed cart with 1 items, total: 450000.0
INFO 2025-11-20 13:38:06,918 django.server basehttp "GET /cart/cart-detail/ HTTP/1.1" 200 13100
INFO 2025-11-20 13:38:12,053 project views User admin viewed Product 17 - Exclusive Design Readymade Georgette Embroidered Party Dress02
INFO 2025-11-20 13:38:12,060 django.server basehttp "GET /single-product/exclusive-design-readymade-georgette-embroidered-party-dress02/17/ HTTP/1.1" 200 12580
WARNING 2025-11-20 13:38:18,656 project views User admin tried to exceed stock for Product 17
INFO 2025-11-20 13:38:18,657 django.server basehttp "POST /cart/add-to-cart/ HTTP/1.1" 200 69
INFO 2025-11-20 13:38:27,303 project views User admin updated Product 17 quantity to 10 in cart.
INFO 2025-11-20 13:38:27,445 django.server basehttp "POST /cart/add-to-cart/ HTTP/1.1" 200 309
INFO 2025-11-20 13:38:36,791 project views User admin viewed Product 17 - Exclusive Design Readymade Georgette Embroidered Party Dress02
INFO 2025-11-20 13:38:36,806 django.server basehttp "GET /single-product/exclusive-design-readymade-georgette-embroidered-party-dress02/17/ HTTP/1.1" 200 12580
INFO 2025-11-20 13:38:38,129 project views User admin viewed cart with 1 items, total: 4500000.0
INFO 2025-11-20 13:38:38,138 django.server basehttp "GET /cart/cart-detail/ HTTP/1.1" 200 13104
INFO 2025-11-20 13:39:58,976 project views User admin viewed cart with 1 items, total: 4500000.0
INFO 2025-11-20 13:39:59,030 django.server basehttp "GET /cart/cart-detail/ HTTP/1.1" 200 13060
INFO 2025-11-20 13:43:44,033 project views User admin viewed cart with 1 items, total: 4500000.0
INFO 2025-11-20 13:43:44,084 django.server basehttp "GET /cart/cart-detail/ HTTP/1.1" 200 13115
INFO 2025-11-20 13:43:49,639 django.server basehttp "POST /cart/qty-inc-dec/ HTTP/1.1" 200 116
INFO 2025-11-20 13:43:50,910 project views User admin decreased quantity of Product 17 to 9
INFO 2025-11-20 13:43:51,045 django.server basehttp "POST /cart/qty-inc-dec/ HTTP/1.1" 200 115
INFO 2025-11-20 13:43:52,216 project views User admin decreased quantity of Product 17 to 8
INFO 2025-11-20 13:43:52,278 django.server basehttp "POST /cart/qty-inc-dec/ HTTP/1.1" 200 115
INFO 2025-11-20 13:43:53,223 project views User admin decreased quantity of Product 17 to 7
INFO 2025-11-20 13:43:53,274 django.server basehttp "POST /cart/qty-inc-dec/ HTTP/1.1" 200 115
INFO 2025-11-20 13:43:54,256 project views User admin decreased quantity of Product 17 to 6
INFO 2025-11-20 13:43:54,325 django.server basehttp "POST /cart/qty-inc-dec/ HTTP/1.1" 200 115
INFO 2025-11-20 13:43:55,432 project views User admin increased quantity of Product 17 to 7
INFO 2025-11-20 13:43:55,509 django.server basehttp "POST /cart/qty-inc-dec/ HTTP/1.1" 200 115
INFO 2025-11-20 13:43:56,100 project views User admin increased quantity of Product 17 to 8
INFO 2025-11-20 13:43:56,154 django.server basehttp "POST /cart/qty-inc-dec/ HTTP/1.1" 200 115
INFO 2025-11-20 13:43:56,878 project views User admin increased quantity of Product 17 to 9
INFO 2025-11-20 13:43:56,940 django.server basehttp "POST /cart/qty-inc-dec/ HTTP/1.1" 200 115
INFO 2025-11-20 13:43:58,016 project views User admin decreased quantity of Product 17 to 8
INFO 2025-11-20 13:43:58,074 django.server basehttp "POST /cart/qty-inc-dec/ HTTP/1.1" 200 115
INFO 2025-11-20 13:43:59,552 project views User admin decreased quantity of Product 17 to 7
INFO 2025-11-20 13:43:59,609 django.server basehttp "POST /cart/qty-inc-dec/ HTTP/1.1" 200 115
INFO 2025-11-20 13:44:00,016 project views User admin decreased quantity of Product 17 to 6
INFO 2025-11-20 13:44:00,077 django.server basehttp "POST /cart/qty-inc-dec/ HTTP/1.1" 200 115
INFO 2025-11-20 13:44:00,775 project views User admin decreased quantity of Product 17 to 5
INFO 2025-11-20 13:44:00,833 django.server basehttp "POST /cart/qty-inc-dec/ HTTP/1.1" 200 115
INFO 2025-11-20 13:44:01,231 project views User admin decreased quantity of Product 17 to 4
INFO 2025-11-20 13:44:01,289 django.server basehttp "POST /cart/qty-inc-dec/ HTTP/1.1" 200 115
INFO 2025-11-20 13:44:02,000 project views User admin decreased quantity of Product 17 to 3
INFO 2025-11-20 13:44:02,405 django.server basehttp "POST /cart/qty-inc-dec/ HTTP/1.1" 200 115
INFO 2025-11-20 13:44:02,477 project views User admin decreased quantity of Product 17 to 2
INFO 2025-11-20 13:44:02,528 django.server basehttp "POST /cart/qty-inc-dec/ HTTP/1.1" 200 112
INFO 2025-11-20 13:44:02,999 project views User admin decreased quantity of Product 17 to 1
INFO 2025-11-20 13:44:03,052 django.server basehttp "POST /cart/qty-inc-dec/ HTTP/1.1" 200 112
INFO 2025-11-20 13:44:03,703 django.server basehttp "POST /cart/qty-inc-dec/ HTTP/1.1" 200 112
INFO 2025-11-20 13:47:10,749 project views User admin viewed cart with 1 items, total: 450000.0
INFO 2025-11-20 13:47:10,795 django.server basehttp "GET /cart/cart-detail/ HTTP/1.1" 200 13110
INFO 2025-11-20 13:47:18,630 django.server basehttp "POST /cart/qty-inc-dec/ HTTP/1.1" 200 112
INFO 2025-11-20 13:47:20,014 project views User admin increased quantity of Product 17 to 2
INFO 2025-11-20 13:47:20,074 django.server basehttp "POST /cart/qty-inc-dec/ HTTP/1.1" 200 112
INFO 2025-11-20 13:47:20,577 project views User admin increased quantity of Product 17 to 3
INFO 2025-11-20 13:47:20,630 django.server basehttp "POST /cart/qty-inc-dec/ HTTP/1.1" 200 115
INFO 2025-11-20 13:47:21,071 project views User admin increased quantity of Product 17 to 4
INFO 2025-11-20 13:47:21,133 django.server basehttp "POST /cart/qty-inc-dec/ HTTP/1.1" 200 115
INFO 2025-11-20 13:48:11,039 project views User admin viewed cart with 1 items, total: 1800000.0
INFO 2025-11-20 13:48:11,078 django.server basehttp "GET /cart/cart-detail/ HTTP/1.1" 200 13114
INFO 2025-11-20 13:48:14,655 project views User admin decreased quantity of Product 17 to 3
INFO 2025-11-20 13:48:14,805 django.server basehttp "POST /cart/qty-inc-dec/ HTTP/1.1" 200 115
INFO 2025-11-20 13:48:15,071 project views User admin decreased quantity of Product 17 to 2
INFO 2025-11-20 13:48:15,126 django.server basehttp "POST /cart/qty-inc-dec/ HTTP/1.1" 200 112
INFO 2025-11-20 13:48:15,791 project views User admin decreased quantity of Product 17 to 1
INFO 2025-11-20 13:48:15,854 django.server basehttp "POST /cart/qty-inc-dec/ HTTP/1.1" 200 112
INFO 2025-11-20 13:48:16,166 django.server basehttp "POST /cart/qty-inc-dec/ HTTP/1.1" 200 112
INFO 2025-11-20 13:48:16,595 django.server basehttp "POST /cart/qty-inc-dec/ HTTP/1.1" 200 112
INFO 2025-11-20 13:48:17,052 django.server basehttp "POST /cart/qty-inc-dec/ HTTP/1.1" 200 112
INFO 2025-11-20 13:48:18,559 project views User admin increased quantity of Product 17 to 2
INFO 2025-11-20 13:48:18,702 django.server basehttp "POST /cart/qty-inc-dec/ HTTP/1.1" 200 112
INFO 2025-11-20 13:48:20,207 project views User admin decreased quantity of Product 17 to 1
INFO 2025-11-20 13:48:20,260 django.server basehttp "POST /cart/qty-inc-dec/ HTTP/1.1" 200 112
INFO 2025-11-20 13:48:24,154 project views User admin viewed cart with 1 items, total: 450000.0
INFO 2025-11-20 13:48:24,162 django.server basehttp "GET /cart/cart-detail/ HTTP/1.1" 200 13111
INFO 2025-11-20 13:48:26,428 project views User admin visited Home page. Sliders: 4, Gents Pants: 5, Borkhas: 5, Baby Fashions: 5
INFO 2025-11-20 13:48:26,596 django.server basehttp "GET / HTTP/1.1" 200 27222
INFO 2025-11-20 13:48:36,317 project views User admin viewed Category 1 - LEHENGA. Products count: 5
INFO 2025-11-20 13:48:36,444 django.server basehttp "GET /category-product/lehenga/1/ HTTP/1.1" 200 16248
INFO 2025-11-20 14:03:48,659 project views User admin viewed Product 16 - Semi-stitched Georgette Embroidery Free Size Designer - Gown For Women
INFO 2025-11-20 14:03:48,708 django.server basehttp "GET /single-product/semi-stitched-georgette-embroidery-free-size-designer-gown-for-women/16/ HTTP/1.1" 200 12350
INFO 2025-11-20 14:04:32,833 project views User admin viewed Product 16 - Semi-stitched Georgette Embroidery Free Size Designer - Gown For Women
INFO 2025-11-20 14:04:32,875 django.server basehttp "GET /single-product/semi-stitched-georgette-embroidery-free-size-designer-gown-for-women/16/ HTTP/1.1" 200 12634
INFO 2025-11-20 14:06:35,319 project views User admin viewed Product 16 - Semi-stitched Georgette Embroidery Free Size Designer - Gown For Women
INFO 2025-11-20 14:06:35,360 django.server basehttp "GET /single-product/semi-stitched-georgette-embroidery-free-size-designer-gown-for-women/16/ HTTP/1.1" 200 12634
INFO 2025-11-20 14:06:38,152 project views User admin viewed Product 16 - Semi-stitched Georgette Embroidery Free Size Designer - Gown For Women
INFO 2025-11-20 14:06:38,159 django.server basehttp "GET /single-product/semi-stitched-georgette-embroidery-free-size-designer-gown-for-women/16/ HTTP/1.1" 200 12634
INFO 2025-11-20 14:06:38,664 project views User admin viewed Product 16 - Semi-stitched Georgette Embroidery Free Size Designer - Gown For Women
INFO 2025-11-20 14:06:38,671 django.server basehttp "GET /single-product/semi-stitched-georgette-embroidery-free-size-designer-gown-for-women/16/ HTTP/1.1" 200 12634
INFO 2025-11-20 14:06:39,017 project views User admin viewed Product 16 - Semi-stitched Georgette Embroidery Free Size Designer - Gown For Women
INFO 2025-11-20 14:06:39,023 django.server basehttp "GET /single-product/semi-stitched-georgette-embroidery-free-size-designer-gown-for-women/16/ HTTP/1.1" 200 12634
INFO 2025-11-20 14:06:39,474 project views User admin viewed Product 16 - Semi-stitched Georgette Embroidery Free Size Designer - Gown For Women
INFO 2025-11-20 14:06:39,481 django.server basehttp "GET /single-product/semi-stitched-georgette-embroidery-free-size-designer-gown-for-women/16/ HTTP/1.1" 200 12634
INFO 2025-11-20 14:08:49,131 django.utils.autoreload autoreload L:\Programming\Programming\All-Main-Problem-Solving\AI-Quest-Python\assignment 17\store\views.py changed, reloading.
INFO 2025-11-20 14:08:50,546 django.utils.autoreload autoreload Watching for file changes with StatReloader
