INFO 2025-11-28 07:16:43,933 project views User admin visited Home page. Sliders: 4, Feature Sliders: 4, AcceptancePayments: 4, Categories: 3, Top Deals: 2, Featured Products: 0
INFO 2025-11-28 20:05:22,847 project views User Anonymous visited Home page. Sliders: 4, Gents Pants: 5, Borkhas: 5, Baby Fashions: 5
INFO 2025-12-24 08:19:07,221 project views User Anonymous visited Home page. Sliders: 4, Gents Pants: 5, Borkhas: 5, Baby Fashions: 5
INFO 2026-02-25 09:11:52,532 project views User Anonymous visited Home page. Sliders: 4, Gents Pants: 5, Borkhas: 5, Baby Fashions: 5
INFO 2026-02-25 09:11:53,938 project views User Anonymous visited Home page. Sliders: 4, Gents Pants: 5, Borkhas: 5, Baby Fashions: 5
INFO 2026-03-10 14:33:53,676 project views User Anonymous visited Home page. Sliders: 4, Gents Pants: 5, Borkhas: 5, Baby Fashions: 5
INFO 2026-03-11 03:13:32,565 project views User Anonymous viewed Category 1 - LEHENGA. Products count: 5
INFO 2026-03-11 03:13:42,143 project views User Anonymous visited Home page. Sliders: 4, Gents Pants: 5, Borkhas: 5, Baby Fashions: 5
INFO 2026-03-11 03:13:55,987 project views User Anonymous visited Home page. Sliders: 4, Gents Pants: 5, Borkhas: 5, Baby Fashions: 5
INFO 2026-03-11 03:14:02,517 project views User Anonymous visited Home page. Sliders: 4, Gents Pants: 5, Borkhas: 5, Baby Fashions: 5
INFO 2026-03-11 03:14:05,379 project views User Anonymous viewed Category 1 - LEHENGA. Products count: 5
INFO 2026-03-11 03:14:09,509 project views User Anonymous filtered Category 1 - LEHENGA. Filtered products count: 3
INFO 2026-03-11 03:14:14,911 project views viewed product 18 - Readymade Lehenga Embroidered Party Dress
INFO 2026-03-11 03:14:43,090 project views User admin visited Home page. Sliders: 4, Gents Pants: 5, Borkhas: 5, Baby Fashions: 5
INFO 2026-03-11 03:14:47,233 project views viewed product 8 - New Export Quality Stylish Slim Fit Denim Jeans Pant For Men
INFO 2026-03-11 03:14:49,247 project views User admin added Product 8 - New Export Quality Stylish Slim Fit Denim Jeans Pant For Men to cart, quantity: 1.
INFO 2026-03-11 03:14:53,704 project views User admin viewed cart with 1 items, total: 4000.0
INFO 2026-03-11 03:14:57,475 project views User admin increased quantity of Product 8 to 2
INFO 2026-03-11 03:14:59,380 project views User admin decreased quantity of Product 8 to 1
INFO 2026-03-11 03:22:43,705 project views User Anonymous viewed Category 1 - LEHENGA. Products count: 5
INFO 2026-03-11 03:22:46,890 project views User Anonymous visited Home page. Sliders: 4, Gents Pants: 5, Borkhas: 5, Baby Fashions: 5
INFO 2026-03-11 03:22:50,616 project views User Anonymous viewed Category 1 - LEHENGA. Products count: 5
INFO 2026-03-11 03:23:02,007 project views User Anonymous filtered Category 1 - LEHENGA. Filtered products count: 2
INFO 2026-03-11 03:23:07,172 project views User Anonymous filtered Category 1 - LEHENGA. Filtered products count: 4
INFO 2026-03-11 03:23:12,524 project views User Anonymous filtered Category 1 - LEHENGA. Filtered products count: 5
INFO 2026-03-11 03:23:15,764 project views User Anonymous filtered Category 1 - LEHENGA. Filtered products count: 5
INFO 2026-03-11 03:23:15,764 project views User Anonymous filtered Category 1 - LEHENGA. Filtered products count: 5
INFO 2026-03-11 03:23:16,443 project views User Anonymous filtered Category 1 - LEHENGA. Filtered products count: 5
INFO 2026-03-11 03:23:16,447 project views User Anonymous filtered Category 1 - LEHENGA. Filtered products count: 5
INFO 2026-03-11 03:23:23,563 project views User Anonymous filtered Category 1 - LEHENGA. Filtered products count: 2
INFO 2026-03-11 03:23:25,778 project views User Anonymous filtered Category 1 - LEHENGA. Filtered products count: 5
INFO 2026-03-11 03:23:28,291 project views User Anonymous filtered Category 1 - LEHENGA. Filtered products count: 3
INFO 2026-03-11 03:23:31,034 project views User Anonymous filtered Category 1 - LEHENGA. Filtered products count: 3
INFO 2026-03-11 03:23:33,291 project views User Anonymous filtered Category 1 - LEHENGA. Filtered products count: 3
INFO 2026-03-11 03:23:34,739 project views User Anonymous filtered Category 1 - LEHENGA. Filtered products count: 3
INFO 2026-03-11 03:23:37,988 project views User Anonymous filtered Category 1 - LEHENGA. Filtered products count: 3
INFO 2026-03-11 03:23:39,466 project views User Anonymous filtered Category 1 - LEHENGA. Filtered products count: 5
INFO 2026-03-11 03:23:42,759 project views User Anonymous visited Home page. Sliders: 4, Gents Pants: 5, Borkhas: 5, Baby Fashions: 5
